Log file open, 06/25/19 21:19:33
LogWindows: Failed to load 'aqProf.dll' (GetLastError=126)
LogWindows: File 'aqProf.dll' does not exist
LogWindows: Failed to load 'VtuneApi.dll' (GetLastError=126)
LogWindows: File 'VtuneApi.dll' does not exist
LogWindows: Failed to load 'VtuneApi32e.dll' (GetLastError=126)
LogWindows: File 'VtuneApi32e.dll' does not exist
LogConsoleResponse: Display: Failed to find resolution value strings in scalability ini. Falling back to default.
LogInit: Display: Running engine for game: ProjectROAR_Main
LogPakFile: Registered encryption key '00000000000000000000000000000000': 0 pak files mounted, 0 remain pending
LogPlatformFile: Not using cached read wrapper
LogTaskGraph: Started task graph with 5 named threads and 35 total threads with 3 sets of task threads.
LogStats: Stats thread started at 0.391154
LogD3D11RHI: Loaded GFSDK_Aftermath_Lib.x64.dll
LogICUInternationalization: ICU TimeZone Detection - Raw Offset: -5:00, Platform Override: ''
LogPluginManager: Mounting plugin Paper2D
LogPluginManager: Mounting plugin AISupport
LogPluginManager: Mounting plugin LightPropagationVolume
LogPluginManager: Mounting plugin ActorLayerUtilities
LogPluginManager: Mounting plugin AnimationSharing
LogPluginManager: Mounting plugin CLionSourceCodeAccess
LogPluginManager: Mounting plugin CodeLiteSourceCodeAccess
LogPluginManager: Mounting plugin GitSourceControl
LogPluginManager: Mounting plugin KDevelopSourceCodeAccess
LogPluginManager: Mounting plugin NullSourceCodeAccess
LogPluginManager: Mounting plugin PerforceSourceControl
LogPluginManager: Mounting plugin SubversionSourceControl
LogPluginManager: Mounting plugin UObjectPlugin
LogPluginManager: Mounting plugin VisualStudioCodeSourceCodeAccess
LogPluginManager: Mounting plugin VisualStudioSourceCodeAccess
LogPluginManager: Mounting plugin XCodeSourceCodeAccess
LogPluginManager: Mounting plugin AssetManagerEditor
LogPluginManager: Mounting plugin CryptoKeys
LogPluginManager: Mounting plugin DataValidation
LogPluginManager: Mounting plugin FacialAnimation
LogPluginManager: Mounting plugin GameplayTagsEditor
LogPluginManager: Mounting plugin MacGraphicsSwitching
LogPluginManager: Mounting plugin MaterialAnalyzer
LogPluginManager: Mounting plugin MobileLauncherProfileWizard
LogPluginManager: Mounting plugin PluginBrowser
LogPluginManager: Mounting plugin SpeedTreeImporter
LogPluginManager: Mounting plugin DatasmithContent
LogPluginManager: Mounting plugin VariantManagerContent
LogPluginManager: Mounting plugin AlembicImporter
LogPluginManager: Mounting plugin AppleImageUtils
LogPluginManager: Mounting plugin AppleVision
LogPluginManager: Mounting plugin BackChannel
LogPluginManager: Mounting plugin CharacterAI
LogPluginManager: Mounting plugin GeometryCache
LogPluginManager: Mounting plugin HTML5Networking
LogPluginManager: Mounting plugin ProxyLODPlugin
LogPluginManager: Mounting plugin SkeletalReduction
LogPluginManager: Mounting plugin MagicLeap
LogPluginManager: Mounting plugin MagicLeapMedia
LogPluginManager: Mounting plugin Substance
LogPluginManager: Mounting plugin AndroidMedia
LogPluginManager: Mounting plugin AvfMedia
LogPluginManager: Mounting plugin ImgMedia
LogPluginManager: Mounting plugin LinearTimecode
LogPluginManager: Mounting plugin MediaCompositing
LogPluginManager: Mounting plugin MediaPlayerEditor
LogPluginManager: Mounting plugin WebMMedia
LogPluginManager: Mounting plugin WmfMedia
LogPluginManager: Mounting plugin TcpMessaging
LogPluginManager: Mounting plugin UdpMessaging
LogPluginManager: Mounting plugin ActorSequence
LogPluginManager: Mounting plugin LevelSequenceEditor
LogPluginManager: Mounting plugin MatineeToLevelSequence
LogPluginManager: Mounting plugin NetcodeUnitTest
LogPluginManager: Mounting plugin NUTUnrealEngine4
LogPluginManager: Mounting plugin OnlineSubsystemGooglePlay
LogPluginManager: Mounting plugin OnlineSubsystemIOS
LogPluginManager: Mounting plugin OnlineSubsystem
LogPluginManager: Mounting plugin OnlineSubsystemNull
LogPluginManager: Mounting plugin OnlineSubsystemUtils
LogPluginManager: Mounting plugin LauncherChunkInstaller
LogPluginManager: Mounting plugin AndroidDeviceProfileSelector
LogPluginManager: Mounting plugin AndroidMoviePlayer
LogPluginManager: Mounting plugin AndroidPermission
LogPluginManager: Mounting plugin AppleMoviePlayer
LogPluginManager: Mounting plugin ArchVisCharacter
LogPluginManager: Mounting plugin AudioCapture
LogPluginManager: Mounting plugin CableComponent
LogPluginManager: Mounting plugin CustomMeshComponent
LogPluginManager: Mounting plugin EditableMesh
LogPluginManager: Mounting plugin ExampleDeviceProfileSelector
LogPluginManager: Mounting plugin Firebase
LogPluginManager: Mounting plugin GoogleCloudMessaging
LogPluginManager: Mounting plugin IOSDeviceProfileSelector
LogPluginManager: Mounting plugin LinuxDeviceProfileSelector
LogPluginManager: Mounting plugin LocationServicesBPLibrary
LogPluginManager: Mounting plugin MobilePatchingUtils
LogPluginManager: Mounting plugin OculusVR
LogPluginManager: Mounting plugin PhysXVehicles
LogPluginManager: Mounting plugin ProceduralMeshComponent
LogPluginManager: Mounting plugin RuntimePhysXCooking
LogPluginManager: Mounting plugin SignificanceManager
LogPluginManager: Mounting plugin SteamVR
LogPluginManager: Mounting plugin WebMMoviePlayer
LogPluginManager: Mounting plugin WindowsMoviePlayer
LogInit: Using libcurl 7.55.1-DEV
LogInit:  - built for x86_64-pc-win32
LogInit:  - supports SSL with OpenSSL/1.1.1
LogInit:  - supports HTTP deflate (compression) using libz 1.2.8
LogInit:  - other features:
LogInit:      CURL_VERSION_SSL
LogInit:      CURL_VERSION_LIBZ
LogInit:      CURL_VERSION_IPV6
LogInit:      CURL_VERSION_ASYNCHDNS
LogInit:      CURL_VERSION_LARGEFILE
LogInit:      CURL_VERSION_IDN
LogInit:  CurlRequestOptions (configurable via config and command line):
LogInit:  - bVerifyPeer = true  - Libcurl will verify peer certificate
LogInit:  - bUseHttpProxy = false  - Libcurl will NOT use HTTP proxy
LogInit:  - bDontReuseConnections = false  - Libcurl will reuse connections
LogInit:  - MaxHostConnections = 16  - Libcurl will limit the number of connections to a host
LogInit:  - LocalHostAddr = Default
LogInit:  - BufferSize = 65536
LogInit: WinSock: version 1.1 (2.2), MaxSocks=32767, MaxUdp=65467
LogInit: Build: ++UE4+Release-4.22-CL-7053642
LogInit: Engine Version: 4.22.3-7053642+++UE4+Release-4.22
LogInit: Compatible Engine Version: 4.22.0-5660361+++UE4+Release-4.22
LogInit: Net CL: 5660361
LogInit: OS: Windows 10 (Release 1809) (), CPU: Intel(R) Core(TM) i7-8700K CPU @ 3.70GHz, GPU: NVIDIA GeForce GTX 1070
LogInit: Compiled (64-bit): Jun 18 2019 03:09:11
LogInit: Compiled with Visual C++: 19.16.27025.01
LogInit: Build Configuration: Development
LogInit: Branch Name: ++UE4+Release-4.22
LogInit: Command Line:  /Game/RollingBP/Maps/RollingBPExampleMap -game -PIEVIACONSOLE -ResX=1280 -ResY=720 -Multiprocess -messaging -SessionName="Play in Standalone Game" -featureleveles2 -faketouches -MultiprocessSaveConfig -windowed
LogInit: Base Directory: E:/EpicGames/UE_4.22/Engine/Binaries/Win64/
LogInit: Installed Engine Build: 1
LogDevObjectVersion: Number of dev versions registered: 23
LogDevObjectVersion:   Dev-Blueprints (B0D832E4-1F89-4F0D-ACCF-7EB736FD4AA2): 10
LogDevObjectVersion:   Dev-Build (E1C64328-A22C-4D53-A36C-8E866417BD8C): 0
LogDevObjectVersion:   Dev-Core (375EC13C-06E4-48FB-B500-84F0262A717E): 3
LogDevObjectVersion:   Dev-Editor (E4B068ED-F494-42E9-A231-DA0B2E46BB41): 30
LogDevObjectVersion:   Dev-Framework (CFFC743F-43B0-4480-9391-14DF171D2073): 35
LogDevObjectVersion:   Dev-Mobile (B02B49B5-BB20-44E9-A304-32B752E40360): 2
LogDevObjectVersion:   Dev-Networking (A4E4105C-59A1-49B5-A7C5-40C4547EDFEE): 0
LogDevObjectVersion:   Dev-Online (39C831C9-5AE6-47DC-9A44-9C173E1C8E7C): 0
LogDevObjectVersion:   Dev-Physics (78F01B33-EBEA-4F98-B9B4-84EACCB95AA2): 0
LogDevObjectVersion:   Dev-Platform (6631380F-2D4D-43E0-8009-CF276956A95A): 0
LogDevObjectVersion:   Dev-Rendering (12F88B9F-8875-4AFC-A67C-D90C383ABD29): 28
LogDevObjectVersion:   Dev-Sequencer (7B5AE74C-D270-4C10-A958-57980B212A5A): 11
LogDevObjectVersion:   Dev-VR (D7296918-1DD6-4BDD-9DE2-64A83CC13884): 2
LogDevObjectVersion:   Dev-LoadTimes (C2A15278-BFE7-4AFE-6C17-90FF531DF755): 1
LogDevObjectVersion:   Private-Geometry (6EACA3D4-40EC-4CC1-B786-8BED09428FC5): 3
LogDevObjectVersion:   Dev-AnimPhys (29E575DD-E0A3-4627-9D10-D276232CDCEA): 17
LogDevObjectVersion:   Dev-Anim (AF43A65D-7FD3-4947-9873-3E8ED9C1BB05): 2
LogDevObjectVersion:   Dev-ReflectionCapture (6B266CEC-1EC7-4B8F-A30B-E4D90942FC07): 1
LogDevObjectVersion:   Dev-Automation (0DF73D61-A23F-47EA-B727-89E90C41499A): 1
LogDevObjectVersion:   FortniteMain (601D1886-AC64-4F84-AA16-D3DE0DEAC7D6): 25
LogDevObjectVersion:   Dev-Enterprise (9DFFBCD6-494F-0158-E221-12823C92A888): 6
LogDevObjectVersion:   Dev-Niagara (F2AED0AC-9AFE-416F-8664-AA7FFA26D6FC): 1
LogDevObjectVersion:   Dev-Destruction (174F1F0B-B4C6-45A5-B13F-2EE8D0FB917D): 2
LogInit: Presizing for max 16777216 objects, including 0 objects not considered by GC, pre-allocating 0 bytes for permanent pool.
LogInit: Object subsystem initialized
LogConfig: Setting CVar [[con.DebugEarlyDefault:1]]
LogConfig: Setting CVar [[r.setres:1280x720]]
[2019.06.26-01.19.33:732][  0]LogConfig: Setting CVar [[con.DebugEarlyDefault:1]]
[2019.06.26-01.19.33:732][  0]LogConfig: Setting CVar [[r.setres:1280x720]]
[2019.06.26-01.19.33:732][  0]LogConfig: Applying CVar settings from Section [/Script/Engine.RendererSettings] File [D:/Unreal Projects/ProjectROAR/ProjectROAR_Main/Saved/Config/Windows/Engine.ini]
[2019.06.26-01.19.33:732][  0]LogConfig: Setting CVar [[r.GPUCrashDebugging:0]]
[2019.06.26-01.19.33:732][  0]LogConfig: Setting CVar [[r.MobileHDR:0]]
[2019.06.26-01.19.33:732][  0]LogConfig: Setting CVar [[r.Mobile.DisableVertexFog:1]]
[2019.06.26-01.19.33:732][  0]LogConfig: Setting CVar [[r.Shadow.CSM.MaxMobileCascades:2]]
[2019.06.26-01.19.33:732][  0]LogConfig: Setting CVar [[r.MobileMSAA:1]]
[2019.06.26-01.19.33:732][  0]LogConfig: Setting CVar [[r.Mobile.UseLegacyShadingModel:0]]
[2019.06.26-01.19.33:732][  0]LogConfig: Setting CVar [[r.Mobile.AllowDitheredLODTransition:0]]
[2019.06.26-01.19.33:732][  0]LogConfig: Setting CVar [[r.Mobile.AllowSoftwareOcclusion:0]]
[2019.06.26-01.19.33:732][  0]LogConfig: Setting CVar [[r.DiscardUnusedQuality:0]]
[2019.06.26-01.19.33:732][  0]LogConfig: Setting CVar [[r.AllowOcclusionQueries:1]]
[2019.06.26-01.19.33:732][  0]LogConfig: Setting CVar [[r.MinScreenRadiusForLights:0.030000]]
[2019.06.26-01.19.33:732][  0]LogConfig: Setting CVar [[r.MinScreenRadiusForDepthPrepass:0.030000]]
[2019.06.26-01.19.33:732][  0]LogConfig: Setting CVar [[r.MinScreenRadiusForCSMDepth:0.010000]]
[2019.06.26-01.19.33:732][  0]LogConfig: Setting CVar [[r.PrecomputedVisibilityWarning:0]]
[2019.06.26-01.19.33:732][  0]LogConfig: Setting CVar [[r.TextureStreaming:1]]
[2019.06.26-01.19.33:732][  0]LogConfig: Setting CVar [[Compat.UseDXT5NormalMaps:0]]
[2019.06.26-01.19.33:732][  0]LogConfig: Setting CVar [[r.ClearCoatNormal:0]]
[2019.06.26-01.19.33:732][  0]LogConfig: Setting CVar [[r.ReflectionCaptureResolution:128]]
[2019.06.26-01.19.33:732][  0]LogConfig: Setting CVar [[r.ReflectionEnvironmentLightmapMixBasedOnRoughness:1]]
[2019.06.26-01.19.33:732][  0]LogConfig: Setting CVar [[r.ForwardShading:0]]
[2019.06.26-01.19.33:733][  0]LogConfig: Setting CVar [[r.VertexFoggingForOpaque:1]]
[2019.06.26-01.19.33:733][  0]LogConfig: Setting CVar [[r.AllowStaticLighting:1]]
[2019.06.26-01.19.33:733][  0]LogConfig: Setting CVar [[r.NormalMapsForStaticLighting:0]]
[2019.06.26-01.19.33:733][  0]LogConfig: Setting CVar [[r.GenerateMeshDistanceFields:0]]
[2019.06.26-01.19.33:733][  0]LogConfig: Setting CVar [[r.DistanceFieldBuild.EightBit:0]]
[2019.06.26-01.19.33:733][  0]LogConfig: Setting CVar [[r.GenerateLandscapeGIData:0]]
[2019.06.26-01.19.33:733][  0]LogConfig: Setting CVar [[r.DistanceFieldBuild.Compress:0]]
[2019.06.26-01.19.33:733][  0]LogConfig: Setting CVar [[r.TessellationAdaptivePixelsPerTriangle:48.000000]]
[2019.06.26-01.19.33:733][  0]LogConfig: Setting CVar [[r.SeparateTranslucency:0]]
[2019.06.26-01.19.33:733][  0]LogConfig: Setting CVar [[r.TranslucentSortPolicy:0]]
[2019.06.26-01.19.33:733][  0]LogConfig: Setting CVar [[r.CustomDepth:1]]
[2019.06.26-01.19.33:733][  0]LogConfig: Setting CVar [[r.CustomDepthTemporalAAJitter:1]]
[2019.06.26-01.19.33:733][  0]LogConfig: Setting CVar [[r.PostProcessing.PropagateAlpha:0]]
[2019.06.26-01.19.33:733][  0]LogConfig: Setting CVar [[r.DOF.Algorithm:1]]
[2019.06.26-01.19.33:733][  0]LogConfig: Setting CVar [[r.DefaultFeature.Bloom:0]]
[2019.06.26-01.19.33:733][  0]LogConfig: Setting CVar [[r.DefaultFeature.AmbientOcclusion:0]]
[2019.06.26-01.19.33:733][  0]LogConfig: Setting CVar [[r.DefaultFeature.AmbientOcclusionStaticFraction:1]]
[2019.06.26-01.19.33:733][  0]LogConfig: Setting CVar [[r.DefaultFeature.AutoExposure:0]]
[2019.06.26-01.19.33:733][  0]LogConfig: Setting CVar [[r.DefaultFeature.AutoExposure.Method:0]]
[2019.06.26-01.19.33:733][  0]LogConfig: Setting CVar [[r.DefaultFeature.AutoExposure.ExtendDefaultLuminanceRange:0]]
[2019.06.26-01.19.33:733][  0]LogConfig: Setting CVar [[r.UsePreExposure:0]]
[2019.06.26-01.19.33:733][  0]LogConfig: Setting CVar [[r.DefaultFeature.MotionBlur:0]]
[2019.06.26-01.19.33:733][  0]LogConfig: Setting CVar [[r.DefaultFeature.LensFlare:0]]
[2019.06.26-01.19.33:733][  0]LogConfig: Setting CVar [[r.TemporalAA.Upsampling:0]]
[2019.06.26-01.19.33:733][  0]LogConfig: Setting CVar [[r.DefaultFeature.AntiAliasing:0]]
[2019.06.26-01.19.33:733][  0]LogConfig: Setting CVar [[r.DefaultFeature.LightUnits:1]]
[2019.06.26-01.19.33:733][  0]LogConfig: Setting CVar [[r.DefaultBackBufferPixelFormat:4]]
[2019.06.26-01.19.33:733][  0]LogConfig: Setting CVar [[r.Shadow.UnbuiltPreviewInGame:1]]
[2019.06.26-01.19.33:733][  0]LogConfig: Setting CVar [[r.StencilForLODDither:0]]
[2019.06.26-01.19.33:733][  0]LogConfig: Setting CVar [[r.EarlyZPass:3]]
[2019.06.26-01.19.33:733][  0]LogConfig: Setting CVar [[r.EarlyZPassOnlyMaterialMasking:0]]
[2019.06.26-01.19.33:733][  0]LogConfig: Setting CVar [[r.DBuffer:1]]
[2019.06.26-01.19.33:733][  0]LogConfig: Setting CVar [[r.ClearSceneMethod:1]]
[2019.06.26-01.19.33:733][  0]LogConfig: Setting CVar [[r.BasePassOutputsVelocity:0]]
[2019.06.26-01.19.33:733][  0]LogConfig: Setting CVar [[r.SelectiveBasePassOutputs:0]]
[2019.06.26-01.19.33:733][  0]LogConfig: Setting CVar [[fx.GPUSimulationTextureSizeX:1024]]
[2019.06.26-01.19.33:733][  0]LogConfig: Setting CVar [[fx.GPUSimulationTextureSizeY:1024]]
[2019.06.26-01.19.33:733][  0]LogConfig: Setting CVar [[r.AllowGlobalClipPlane:0]]
[2019.06.26-01.19.33:733][  0]LogConfig: Setting CVar [[r.GBufferFormat:1]]
[2019.06.26-01.19.33:733][  0]LogConfig: Setting CVar [[r.MorphTarget.Mode:1]]
[2019.06.26-01.19.33:733][  0]LogConfig: Setting CVar [[vr.InstancedStereo:0]]
[2019.06.26-01.19.33:733][  0]LogConfig: Setting CVar [[vr.MultiView:0]]
[2019.06.26-01.19.33:733][  0]LogConfig: Setting CVar [[vr.MobileMultiView:0]]
[2019.06.26-01.19.33:733][  0]LogConfig: Setting CVar [[vr.MobileMultiView.Direct:0]]
[2019.06.26-01.19.33:733][  0]LogConfig: Setting CVar [[vr.RoundRobinOcclusion:0]]
[2019.06.26-01.19.33:733][  0]LogConfig: Setting CVar [[vr.ODSCapture:0]]
[2019.06.26-01.19.33:733][  0]LogConfig: Setting CVar [[r.WireframeCullThreshold:5.000000]]
[2019.06.26-01.19.33:733][  0]LogConfig: Setting CVar [[r.SupportStationarySkylight:1]]
[2019.06.26-01.19.33:733][  0]LogConfig: Setting CVar [[r.SupportLowQualityLightmaps:1]]
[2019.06.26-01.19.33:733][  0]LogConfig: Setting CVar [[r.SupportPointLightWholeSceneShadows:1]]
[2019.06.26-01.19.33:733][  0]LogConfig: Setting CVar [[r.SupportAtmosphericFog:1]]
[2019.06.26-01.19.33:733][  0]LogConfig: Setting CVar [[r.SkinCache.CompileShaders:0]]
[2019.06.26-01.19.33:733][  0]LogConfig: Setting CVar [[r.Mobile.EnableStaticAndCSMShadowReceivers:1]]
[2019.06.26-01.19.33:733][  0]LogConfig: Setting CVar [[r.Mobile.EnableMovableLightCSMShaderCulling:1]]
[2019.06.26-01.19.33:733][  0]LogConfig: Setting CVar [[r.Mobile.AllowDistanceFieldShadows:1]]
[2019.06.26-01.19.33:733][  0]LogConfig: Setting CVar [[r.Mobile.AllowMovableDirectionalLights:1]]
[2019.06.26-01.19.33:733][  0]LogConfig: Setting CVar [[r.MobileNumDynamicPointLights:4]]
[2019.06.26-01.19.33:733][  0]LogConfig: Setting CVar [[r.MobileDynamicPointLightsUseStaticBranch:1]]
[2019.06.26-01.19.33:733][  0]LogConfig: Setting CVar [[r.SkinCache.SceneMemoryLimitInMB:128.000000]]
[2019.06.26-01.19.33:733][  0]LogConfig: Setting CVar [[r.GPUSkin.Limit2BoneInfluences:0]]
[2019.06.26-01.19.33:733][  0]LogConfig: Setting CVar [[r.SupportDepthOnlyIndexBuffers:1]]
[2019.06.26-01.19.33:733][  0]LogConfig: Setting CVar [[r.SupportReversedIndexBuffers:1]]
[2019.06.26-01.19.33:733][  0]LogConfig: Setting CVar [[r.SupportMaterialLayers:0]]
[2019.06.26-01.19.33:733][  0]LogConfig: Applying CVar settings from Section [/Script/Engine.RendererOverrideSettings] File [D:/Unreal Projects/ProjectROAR/ProjectROAR_Main/Saved/Config/Windows/Engine.ini]
[2019.06.26-01.19.33:733][  0]LogConfig: Applying CVar settings from Section [/Script/Engine.StreamingSettings] File [D:/Unreal Projects/ProjectROAR/ProjectROAR_Main/Saved/Config/Windows/Engine.ini]
[2019.06.26-01.19.33:733][  0]LogConfig: Setting CVar [[s.MinBulkDataSizeForAsyncLoading:131072]]
[2019.06.26-01.19.33:733][  0]LogConfig: Setting CVar [[s.AsyncLoadingThreadEnabled:0]]
[2019.06.26-01.19.33:733][  0]LogConfig: Setting CVar [[s.EventDrivenLoaderEnabled:1]]
[2019.06.26-01.19.33:733][  0]LogConfig: Setting CVar [[s.WarnIfTimeLimitExceeded:0]]
[2019.06.26-01.19.33:733][  0]LogConfig: Setting CVar [[s.TimeLimitExceededMultiplier:1.5]]
[2019.06.26-01.19.33:733][  0]LogConfig: Setting CVar [[s.TimeLimitExceededMinTime:0.005]]
[2019.06.26-01.19.33:733][  0]LogConfig: Setting CVar [[s.UseBackgroundLevelStreaming:1]]
[2019.06.26-01.19.33:733][  0]LogConfig: Setting CVar [[s.PriorityAsyncLoadingExtraTime:15.0]]
[2019.06.26-01.19.33:733][  0]LogConfig: Setting CVar [[s.LevelStreamingActorsUpdateTimeLimit:5.0]]
[2019.06.26-01.19.33:733][  0]LogConfig: Setting CVar [[s.PriorityLevelStreamingActorsUpdateExtraTime:5.0]]
[2019.06.26-01.19.33:733][  0]LogConfig: Setting CVar [[s.LevelStreamingComponentsRegistrationGranularity:10]]
[2019.06.26-01.19.33:733][  0]LogConfig: Setting CVar [[s.UnregisterComponentsTimeLimit:1.0]]
[2019.06.26-01.19.33:733][  0]LogConfig: Setting CVar [[s.LevelStreamingComponentsUnregistrationGranularity:5]]
[2019.06.26-01.19.33:733][  0]LogConfig: Applying CVar settings from Section [/Script/Engine.GarbageCollectionSettings] File [D:/Unreal Projects/ProjectROAR/ProjectROAR_Main/Saved/Config/Windows/Engine.ini]
[2019.06.26-01.19.33:733][  0]LogConfig: Setting CVar [[gc.MaxObjectsNotConsideredByGC:1]]
[2019.06.26-01.19.33:733][  0]LogConfig: Setting CVar [[gc.SizeOfPermanentObjectPool:0]]
[2019.06.26-01.19.33:733][  0]LogConfig: Setting CVar [[gc.FlushStreamingOnGC:0]]
[2019.06.26-01.19.33:733][  0]LogConfig: Setting CVar [[gc.NumRetriesBeforeForcingGC:10]]
[2019.06.26-01.19.33:733][  0]LogConfig: Setting CVar [[gc.AllowParallelGC:1]]
[2019.06.26-01.19.33:733][  0]LogConfig: Setting CVar [[gc.TimeBetweenPurgingPendingKillObjects:61.1]]
[2019.06.26-01.19.33:733][  0]LogConfig: Setting CVar [[gc.MaxObjectsInEditor:16777216]]
[2019.06.26-01.19.33:733][  0]LogConfig: Setting CVar [[gc.IncrementalBeginDestroyEnabled:1]]
[2019.06.26-01.19.33:733][  0]LogConfig: Setting CVar [[gc.CreateGCClusters:1]]
[2019.06.26-01.19.33:733][  0]LogConfig: Setting CVar [[gc.MinGCClusterSize:5]]
[2019.06.26-01.19.33:733][  0]LogConfig: Setting CVar [[gc.ActorClusteringEnabled:0]]
[2019.06.26-01.19.33:733][  0]LogConfig: Setting CVar [[gc.BlueprintClusteringEnabled:0]]
[2019.06.26-01.19.33:733][  0]LogConfig: Setting CVar [[gc.UseDisregardForGCOnDedicatedServers:0]]
[2019.06.26-01.19.33:733][  0]LogConfig: Applying CVar settings from Section [/Script/Engine.NetworkSettings] File [D:/Unreal Projects/ProjectROAR/ProjectROAR_Main/Saved/Config/Windows/Engine.ini]
[2019.06.26-01.19.33:734][  0]LogConfig: Applying CVar settings from Section [/Script/UnrealEd.CookerSettings] File [D:/Unreal Projects/ProjectROAR/ProjectROAR_Main/Saved/Config/Windows/Engine.ini]
[2019.06.26-01.19.33:741][  0]LogConfig: Applying CVar settings from Section [ViewDistanceQuality@3] File [D:/Unreal Projects/ProjectROAR/ProjectROAR_Main/Saved/Config/Windows/Scalability.ini]
[2019.06.26-01.19.33:741][  0]LogConfig: Setting CVar [[r.SkeletalMeshLODBias:0]]
[2019.06.26-01.19.33:741][  0]LogConfig: Setting CVar [[r.ViewDistanceScale:1.0]]
[2019.06.26-01.19.33:741][  0]LogConfig: Applying CVar settings from Section [AntiAliasingQuality@3] File [D:/Unreal Projects/ProjectROAR/ProjectROAR_Main/Saved/Config/Windows/Scalability.ini]
[2019.06.26-01.19.33:741][  0]LogConfig: Setting CVar [[r.PostProcessAAQuality:4]]
[2019.06.26-01.19.33:741][  0]LogConfig: Applying CVar settings from Section [ShadowQuality@3] File [D:/Unreal Projects/ProjectROAR/ProjectROAR_Main/Saved/Config/Windows/Scalability.ini]
[2019.06.26-01.19.33:741][  0]LogConfig: Setting CVar [[r.LightFunctionQuality:1]]
[2019.06.26-01.19.33:741][  0]LogConfig: Setting CVar [[r.ShadowQuality:5]]
[2019.06.26-01.19.33:741][  0]LogConfig: Setting CVar [[r.Shadow.CSM.MaxCascades:10]]
[2019.06.26-01.19.33:741][  0]LogConfig: Setting CVar [[r.Shadow.MaxResolution:2048]]
[2019.06.26-01.19.33:741][  0]LogConfig: Setting CVar [[r.Shadow.MaxCSMResolution:2048]]
[2019.06.26-01.19.33:741][  0]LogConfig: Setting CVar [[r.Shadow.RadiusThreshold:0.01]]
[2019.06.26-01.19.33:741][  0]LogConfig: Setting CVar [[r.Shadow.DistanceScale:1.0]]
[2019.06.26-01.19.33:741][  0]LogConfig: Setting CVar [[r.Shadow.CSM.TransitionScale:1.0]]
[2019.06.26-01.19.33:741][  0]LogConfig: Setting CVar [[r.Shadow.PreShadowResolutionFactor:1.0]]
[2019.06.26-01.19.33:741][  0]LogConfig: Setting CVar [[r.DistanceFieldShadowing:1]]
[2019.06.26-01.19.33:741][  0]LogConfig: Setting CVar [[r.DistanceFieldAO:1]]
[2019.06.26-01.19.33:741][  0]LogConfig: Setting CVar [[r.AOQuality:2]]
[2019.06.26-01.19.33:741][  0]LogConfig: Setting CVar [[r.VolumetricFog:1]]
[2019.06.26-01.19.33:741][  0]LogConfig: Setting CVar [[r.VolumetricFog.GridPixelSize:8]]
[2019.06.26-01.19.33:741][  0]LogConfig: Setting CVar [[r.VolumetricFog.GridSizeZ:128]]
[2019.06.26-01.19.33:741][  0]LogConfig: Setting CVar [[r.VolumetricFog.HistoryMissSupersampleCount:4]]
[2019.06.26-01.19.33:741][  0]LogConfig: Setting CVar [[r.LightMaxDrawDistanceScale:1]]
[2019.06.26-01.19.33:741][  0]LogConfig: Setting CVar [[r.CapsuleShadows:1]]
[2019.06.26-01.19.33:741][  0]LogConfig: Applying CVar settings from Section [PostProcessQuality@3] File [D:/Unreal Projects/ProjectROAR/ProjectROAR_Main/Saved/Config/Windows/Scalability.ini]
[2019.06.26-01.19.33:741][  0]LogConfig: Setting CVar [[r.MotionBlurQuality:4]]
[2019.06.26-01.19.33:741][  0]LogConfig: Setting CVar [[r.AmbientOcclusionMipLevelFactor:0.4]]
[2019.06.26-01.19.33:741][  0]LogConfig: Setting CVar [[r.AmbientOcclusionMaxQuality:100]]
[2019.06.26-01.19.33:741][  0]LogConfig: Setting CVar [[r.AmbientOcclusionLevels:-1]]
[2019.06.26-01.19.33:741][  0]LogConfig: Setting CVar [[r.AmbientOcclusionRadiusScale:1.0]]
[2019.06.26-01.19.33:741][  0]LogConfig: Setting CVar [[r.DepthOfFieldQuality:2]]
[2019.06.26-01.19.33:741][  0]LogConfig: Setting CVar [[r.RenderTargetPoolMin:400]]
[2019.06.26-01.19.33:741][  0]LogConfig: Setting CVar [[r.LensFlareQuality:2]]
[2019.06.26-01.19.33:741][  0]LogConfig: Setting CVar [[r.SceneColorFringeQuality:1]]
[2019.06.26-01.19.33:741][  0]LogConfig: Setting CVar [[r.EyeAdaptationQuality:2]]
[2019.06.26-01.19.33:741][  0]LogConfig: Setting CVar [[r.BloomQuality:5]]
[2019.06.26-01.19.33:741][  0]LogConfig: Setting CVar [[r.FastBlurThreshold:100]]
[2019.06.26-01.19.33:741][  0]LogConfig: Setting CVar [[r.Upscale.Quality:3]]
[2019.06.26-01.19.33:741][  0]LogConfig: Setting CVar [[r.Tonemapper.GrainQuantization:1]]
[2019.06.26-01.19.33:741][  0]LogConfig: Setting CVar [[r.LightShaftQuality:1]]
[2019.06.26-01.19.33:741][  0]LogConfig: Setting CVar [[r.Filter.SizeScale:1]]
[2019.06.26-01.19.33:741][  0]LogConfig: Setting CVar [[r.Tonemapper.Quality:5]]
[2019.06.26-01.19.33:741][  0]LogConfig: Setting CVar [[r.DOF.Gather.AccumulatorQuality:1        ; higher gathering accumulator quality]]
[2019.06.26-01.19.33:741][  0]LogConfig: Setting CVar [[r.DOF.Gather.PostfilterMethod:1          ; Median3x3 postfilering method]]
[2019.06.26-01.19.33:741][  0]LogConfig: Setting CVar [[r.DOF.Gather.EnableBokehSettings:0       ; no bokeh simulation when gathering]]
[2019.06.26-01.19.33:741][  0]LogConfig: Setting CVar [[r.DOF.Gather.RingCount:4                 ; medium number of samples when gathering]]
[2019.06.26-01.19.33:741][  0]LogConfig: Setting CVar [[r.DOF.Scatter.ForegroundCompositing:1    ; additive foreground scattering]]
[2019.06.26-01.19.33:741][  0]LogConfig: Setting CVar [[r.DOF.Scatter.BackgroundCompositing:2    ; additive background scattering]]
[2019.06.26-01.19.33:741][  0]LogConfig: Setting CVar [[r.DOF.Scatter.EnableBokehSettings:1      ; bokeh simulation when scattering]]
[2019.06.26-01.19.33:741][  0]LogConfig: Setting CVar [[r.DOF.Scatter.MaxSpriteRatio:0.1         ; only a maximum of 10% of scattered bokeh]]
[2019.06.26-01.19.33:741][  0]LogConfig: Setting CVar [[r.DOF.Recombine.Quality:1                ; cheap slight out of focus]]
[2019.06.26-01.19.33:741][  0]LogConfig: Setting CVar [[r.DOF.Recombine.EnableBokehSettings:0    ; no bokeh simulation on slight out of focus]]
[2019.06.26-01.19.33:741][  0]LogConfig: Setting CVar [[r.DOF.TemporalAAQuality:1                ; more stable temporal accumulation]]
[2019.06.26-01.19.33:741][  0]LogConfig: Setting CVar [[r.DOF.Kernel.MaxForegroundRadius:0.025]]
[2019.06.26-01.19.33:741][  0]LogConfig: Setting CVar [[r.DOF.Kernel.MaxBackgroundRadius:0.025]]
[2019.06.26-01.19.33:741][  0]LogConfig: Applying CVar settings from Section [TextureQuality@3] File [D:/Unreal Projects/ProjectROAR/ProjectROAR_Main/Saved/Config/Windows/Scalability.ini]
[2019.06.26-01.19.33:741][  0]LogConfig: Setting CVar [[r.Streaming.MipBias:0]]
[2019.06.26-01.19.33:741][  0]LogConfig: Setting CVar [[r.Streaming.AmortizeCPUToGPUCopy:0]]
[2019.06.26-01.19.33:741][  0]LogConfig: Setting CVar [[r.Streaming.MaxNumTexturesToStreamPerFrame:0]]
[2019.06.26-01.19.33:741][  0]LogConfig: Setting CVar [[r.Streaming.Boost:1]]
[2019.06.26-01.19.33:741][  0]LogConfig: Setting CVar [[r.MaxAnisotropy:8]]
[2019.06.26-01.19.33:741][  0]LogConfig: Setting CVar [[r.Streaming.LimitPoolSizeToVRAM:0]]
[2019.06.26-01.19.33:741][  0]LogConfig: Setting CVar [[r.Streaming.PoolSize:1000]]
[2019.06.26-01.19.33:741][  0]LogConfig: Setting CVar [[r.Streaming.MaxEffectiveScreenSize:0]]
[2019.06.26-01.19.33:741][  0]LogConfig: Applying CVar settings from Section [EffectsQuality@3] File [D:/Unreal Projects/ProjectROAR/ProjectROAR_Main/Saved/Config/Windows/Scalability.ini]
[2019.06.26-01.19.33:742][  0]LogConfig: Setting CVar [[r.TranslucencyLightingVolumeDim:64]]
[2019.06.26-01.19.33:742][  0]LogConfig: Setting CVar [[r.RefractionQuality:2]]
[2019.06.26-01.19.33:742][  0]LogConfig: Setting CVar [[r.SSR.Quality:3]]
[2019.06.26-01.19.33:742][  0]LogConfig: Setting CVar [[r.SceneColorFormat:4]]
[2019.06.26-01.19.33:742][  0]LogConfig: Setting CVar [[r.DetailMode:2]]
[2019.06.26-01.19.33:742][  0]LogConfig: Setting CVar [[r.TranslucencyVolumeBlur:1]]
[2019.06.26-01.19.33:742][  0]LogConfig: Setting CVar [[r.MaterialQualityLevel:1 ; High quality]]
[2019.06.26-01.19.33:742][  0]LogConfig: Setting CVar [[r.SSS.Scale:1]]
[2019.06.26-01.19.33:742][  0]LogConfig: Setting CVar [[r.SSS.SampleSet:2]]
[2019.06.26-01.19.33:742][  0]LogConfig: Setting CVar [[r.SSS.Quality:1]]
[2019.06.26-01.19.33:742][  0]LogConfig: Setting CVar [[r.SSS.HalfRes:1]]
[2019.06.26-01.19.33:742][  0]LogConfig: Setting CVar [[r.EmitterSpawnRateScale:1.0]]
[2019.06.26-01.19.33:742][  0]LogConfig: Setting CVar [[r.ParticleLightQuality:2]]
[2019.06.26-01.19.33:742][  0]LogConfig: Applying CVar settings from Section [FoliageQuality@3] File [D:/Unreal Projects/ProjectROAR/ProjectROAR_Main/Saved/Config/Windows/Scalability.ini]
[2019.06.26-01.19.33:742][  0]LogConfig: Setting CVar [[foliage.DensityScale:1.0]]
[2019.06.26-01.19.33:742][  0]LogConfig: Setting CVar [[grass.DensityScale:1.0]]
[2019.06.26-01.19.33:742][  0]LogInit: Selected Device Profile: [Windows]
[2019.06.26-01.19.33:742][  0]LogInit: Applying CVar settings loaded from the selected device profile: [Windows]
[2019.06.26-01.19.33:744][  0]LogHAL: Display: Platform has ~ 16 GB [17138286592 / 17179869184 / 16], which maps to Larger [LargestMinGB=32, LargerMinGB=12, DefaultMinGB=8, SmallerMinGB=6, SmallestMinGB=0)
[2019.06.26-01.19.33:744][  0]LogConfig: Setting CVar [[r.Vulkan.UseRealUBs:0		; Required until we fix HLR fall-out]]
[2019.06.26-01.19.33:744][  0]LogInit: Going up to parent DeviceProfile []
[2019.06.26-01.19.33:744][  0]LogConfig: Applying CVar settings from Section [ViewDistanceQuality@3] File [D:/Unreal Projects/ProjectROAR/ProjectROAR_Main/Saved/Config/Windows/Scalability.ini]
[2019.06.26-01.19.33:744][  0]LogConfig: Setting CVar [[r.SkeletalMeshLODBias:0]]
[2019.06.26-01.19.33:744][  0]LogConfig: Setting CVar [[r.ViewDistanceScale:1.0]]
[2019.06.26-01.19.33:744][  0]LogConfig: Applying CVar settings from Section [AntiAliasingQuality@3] File [D:/Unreal Projects/ProjectROAR/ProjectROAR_Main/Saved/Config/Windows/Scalability.ini]
[2019.06.26-01.19.33:745][  0]LogConfig: Setting CVar [[r.PostProcessAAQuality:4]]
[2019.06.26-01.19.33:745][  0]LogConfig: Applying CVar settings from Section [ShadowQuality@3] File [D:/Unreal Projects/ProjectROAR/ProjectROAR_Main/Saved/Config/Windows/Scalability.ini]
[2019.06.26-01.19.33:745][  0]LogConfig: Setting CVar [[r.LightFunctionQuality:1]]
[2019.06.26-01.19.33:745][  0]LogConfig: Setting CVar [[r.ShadowQuality:5]]
[2019.06.26-01.19.33:745][  0]LogConfig: Setting CVar [[r.Shadow.CSM.MaxCascades:10]]
[2019.06.26-01.19.33:745][  0]LogConfig: Setting CVar [[r.Shadow.MaxResolution:2048]]
[2019.06.26-01.19.33:745][  0]LogConfig: Setting CVar [[r.Shadow.MaxCSMResolution:2048]]
[2019.06.26-01.19.33:745][  0]LogConfig: Setting CVar [[r.Shadow.RadiusThreshold:0.01]]
[2019.06.26-01.19.33:745][  0]LogConfig: Setting CVar [[r.Shadow.DistanceScale:1.0]]
[2019.06.26-01.19.33:745][  0]LogConfig: Setting CVar [[r.Shadow.CSM.TransitionScale:1.0]]
[2019.06.26-01.19.33:745][  0]LogConfig: Setting CVar [[r.Shadow.PreShadowResolutionFactor:1.0]]
[2019.06.26-01.19.33:745][  0]LogConfig: Setting CVar [[r.DistanceFieldShadowing:1]]
[2019.06.26-01.19.33:745][  0]LogConfig: Setting CVar [[r.DistanceFieldAO:1]]
[2019.06.26-01.19.33:745][  0]LogConfig: Setting CVar [[r.AOQuality:2]]
[2019.06.26-01.19.33:745][  0]LogConfig: Setting CVar [[r.VolumetricFog:1]]
[2019.06.26-01.19.33:745][  0]LogConfig: Setting CVar [[r.VolumetricFog.GridPixelSize:8]]
[2019.06.26-01.19.33:745][  0]LogConfig: Setting CVar [[r.VolumetricFog.GridSizeZ:128]]
[2019.06.26-01.19.33:745][  0]LogConfig: Setting CVar [[r.VolumetricFog.HistoryMissSupersampleCount:4]]
[2019.06.26-01.19.33:745][  0]LogConfig: Setting CVar [[r.LightMaxDrawDistanceScale:1]]
[2019.06.26-01.19.33:745][  0]LogConfig: Setting CVar [[r.CapsuleShadows:1]]
[2019.06.26-01.19.33:745][  0]LogConfig: Applying CVar settings from Section [PostProcessQuality@3] File [D:/Unreal Projects/ProjectROAR/ProjectROAR_Main/Saved/Config/Windows/Scalability.ini]
[2019.06.26-01.19.33:745][  0]LogConfig: Setting CVar [[r.MotionBlurQuality:4]]
[2019.06.26-01.19.33:745][  0]LogConfig: Setting CVar [[r.AmbientOcclusionMipLevelFactor:0.4]]
[2019.06.26-01.19.33:745][  0]LogConfig: Setting CVar [[r.AmbientOcclusionMaxQuality:100]]
[2019.06.26-01.19.33:745][  0]LogConfig: Setting CVar [[r.AmbientOcclusionLevels:-1]]
[2019.06.26-01.19.33:745][  0]LogConfig: Setting CVar [[r.AmbientOcclusionRadiusScale:1.0]]
[2019.06.26-01.19.33:745][  0]LogConfig: Setting CVar [[r.DepthOfFieldQuality:2]]
[2019.06.26-01.19.33:745][  0]LogConfig: Setting CVar [[r.RenderTargetPoolMin:400]]
[2019.06.26-01.19.33:745][  0]LogConfig: Setting CVar [[r.LensFlareQuality:2]]
[2019.06.26-01.19.33:745][  0]LogConfig: Setting CVar [[r.SceneColorFringeQuality:1]]
[2019.06.26-01.19.33:745][  0]LogConfig: Setting CVar [[r.EyeAdaptationQuality:2]]
[2019.06.26-01.19.33:745][  0]LogConfig: Setting CVar [[r.BloomQuality:5]]
[2019.06.26-01.19.33:745][  0]LogConfig: Setting CVar [[r.FastBlurThreshold:100]]
[2019.06.26-01.19.33:745][  0]LogConfig: Setting CVar [[r.Upscale.Quality:3]]
[2019.06.26-01.19.33:745][  0]LogConfig: Setting CVar [[r.Tonemapper.GrainQuantization:1]]
[2019.06.26-01.19.33:745][  0]LogConfig: Setting CVar [[r.LightShaftQuality:1]]
[2019.06.26-01.19.33:745][  0]LogConfig: Setting CVar [[r.Filter.SizeScale:1]]
[2019.06.26-01.19.33:745][  0]LogConfig: Setting CVar [[r.Tonemapper.Quality:5]]
[2019.06.26-01.19.33:745][  0]LogConfig: Setting CVar [[r.DOF.Gather.AccumulatorQuality:1        ; higher gathering accumulator quality]]
[2019.06.26-01.19.33:745][  0]LogConfig: Setting CVar [[r.DOF.Gather.PostfilterMethod:1          ; Median3x3 postfilering method]]
[2019.06.26-01.19.33:745][  0]LogConfig: Setting CVar [[r.DOF.Gather.EnableBokehSettings:0       ; no bokeh simulation when gathering]]
[2019.06.26-01.19.33:745][  0]LogConfig: Setting CVar [[r.DOF.Gather.RingCount:4                 ; medium number of samples when gathering]]
[2019.06.26-01.19.33:745][  0]LogConfig: Setting CVar [[r.DOF.Scatter.ForegroundCompositing:1    ; additive foreground scattering]]
[2019.06.26-01.19.33:745][  0]LogConfig: Setting CVar [[r.DOF.Scatter.BackgroundCompositing:2    ; additive background scattering]]
[2019.06.26-01.19.33:745][  0]LogConfig: Setting CVar [[r.DOF.Scatter.EnableBokehSettings:1      ; bokeh simulation when scattering]]
[2019.06.26-01.19.33:745][  0]LogConfig: Setting CVar [[r.DOF.Scatter.MaxSpriteRatio:0.1         ; only a maximum of 10% of scattered bokeh]]
[2019.06.26-01.19.33:745][  0]LogConfig: Setting CVar [[r.DOF.Recombine.Quality:1                ; cheap slight out of focus]]
[2019.06.26-01.19.33:745][  0]LogConfig: Setting CVar [[r.DOF.Recombine.EnableBokehSettings:0    ; no bokeh simulation on slight out of focus]]
[2019.06.26-01.19.33:745][  0]LogConfig: Setting CVar [[r.DOF.TemporalAAQuality:1                ; more stable temporal accumulation]]
[2019.06.26-01.19.33:745][  0]LogConfig: Setting CVar [[r.DOF.Kernel.MaxForegroundRadius:0.025]]
[2019.06.26-01.19.33:745][  0]LogConfig: Setting CVar [[r.DOF.Kernel.MaxBackgroundRadius:0.025]]
[2019.06.26-01.19.33:745][  0]LogConfig: Applying CVar settings from Section [TextureQuality@3] File [D:/Unreal Projects/ProjectROAR/ProjectROAR_Main/Saved/Config/Windows/Scalability.ini]
[2019.06.26-01.19.33:745][  0]LogConfig: Setting CVar [[r.Streaming.MipBias:0]]
[2019.06.26-01.19.33:745][  0]LogConfig: Setting CVar [[r.Streaming.AmortizeCPUToGPUCopy:0]]
[2019.06.26-01.19.33:745][  0]LogConfig: Setting CVar [[r.Streaming.MaxNumTexturesToStreamPerFrame:0]]
[2019.06.26-01.19.33:745][  0]LogConfig: Setting CVar [[r.Streaming.Boost:1]]
[2019.06.26-01.19.33:745][  0]LogConfig: Setting CVar [[r.MaxAnisotropy:8]]
[2019.06.26-01.19.33:745][  0]LogConfig: Setting CVar [[r.Streaming.LimitPoolSizeToVRAM:0]]
[2019.06.26-01.19.33:745][  0]LogConfig: Setting CVar [[r.Streaming.PoolSize:1000]]
[2019.06.26-01.19.33:745][  0]LogConfig: Setting CVar [[r.Streaming.MaxEffectiveScreenSize:0]]
[2019.06.26-01.19.33:745][  0]LogConfig: Applying CVar settings from Section [EffectsQuality@3] File [D:/Unreal Projects/ProjectROAR/ProjectROAR_Main/Saved/Config/Windows/Scalability.ini]
[2019.06.26-01.19.33:745][  0]LogConfig: Setting CVar [[r.TranslucencyLightingVolumeDim:64]]
[2019.06.26-01.19.33:745][  0]LogConfig: Setting CVar [[r.RefractionQuality:2]]
[2019.06.26-01.19.33:745][  0]LogConfig: Setting CVar [[r.SSR.Quality:3]]
[2019.06.26-01.19.33:745][  0]LogConfig: Setting CVar [[r.SceneColorFormat:4]]
[2019.06.26-01.19.33:745][  0]LogConfig: Setting CVar [[r.DetailMode:2]]
[2019.06.26-01.19.33:745][  0]LogConfig: Setting CVar [[r.TranslucencyVolumeBlur:1]]
[2019.06.26-01.19.33:745][  0]LogConfig: Setting CVar [[r.MaterialQualityLevel:1 ; High quality]]
[2019.06.26-01.19.33:745][  0]LogConfig: Setting CVar [[r.SSS.Scale:1]]
[2019.06.26-01.19.33:745][  0]LogConfig: Setting CVar [[r.SSS.SampleSet:2]]
[2019.06.26-01.19.33:745][  0]LogConfig: Setting CVar [[r.SSS.Quality:1]]
[2019.06.26-01.19.33:745][  0]LogConfig: Setting CVar [[r.SSS.HalfRes:1]]
[2019.06.26-01.19.33:745][  0]LogConfig: Setting CVar [[r.EmitterSpawnRateScale:1.0]]
[2019.06.26-01.19.33:745][  0]LogConfig: Setting CVar [[r.ParticleLightQuality:2]]
[2019.06.26-01.19.33:745][  0]LogConfig: Applying CVar settings from Section [FoliageQuality@3] File [D:/Unreal Projects/ProjectROAR/ProjectROAR_Main/Saved/Config/Windows/Scalability.ini]
[2019.06.26-01.19.33:745][  0]LogConfig: Setting CVar [[foliage.DensityScale:1.0]]
[2019.06.26-01.19.33:745][  0]LogConfig: Setting CVar [[grass.DensityScale:1.0]]
[2019.06.26-01.19.33:745][  0]LogConfig: Applying CVar settings from Section [Startup] File [../../../Engine/Config/ConsoleVariables.ini]
[2019.06.26-01.19.33:745][  0]LogConfig: Setting CVar [[net.UseAdaptiveNetUpdateFrequency:0]]
[2019.06.26-01.19.33:745][  0]LogConfig: Setting CVar [[p.chaos.AllowCreatePhysxBodies:1]]
[2019.06.26-01.19.33:745][  0]LogConfig: Applying CVar settings from Section [ConsoleVariables] File [D:/Unreal Projects/ProjectROAR/ProjectROAR_Main/Saved/Config/Windows/Engine.ini]
[2019.06.26-01.19.33:746][  0]LogInit: Computer: HOME-PC
[2019.06.26-01.19.33:746][  0]LogInit: User: Alec
[2019.06.26-01.19.33:746][  0]LogInit: CPU Page size=4096, Cores=6
[2019.06.26-01.19.33:746][  0]LogInit: High frequency timer resolution =10.000000 MHz
[2019.06.26-01.19.33:746][  0]LogMemory: Memory total: Physical=16.0GB (16GB approx)
[2019.06.26-01.19.33:746][  0]LogMemory: Platform Memory Stats for Windows
[2019.06.26-01.19.33:746][  0]LogMemory: Process Physical Memory: 97.23 MB used, 97.23 MB peak
[2019.06.26-01.19.33:746][  0]LogMemory: Process Virtual Memory: 85.76 MB used, 85.76 MB peak
[2019.06.26-01.19.33:746][  0]LogMemory: Physical Memory: 11112.02 MB used,  5232.33 MB free, 16344.34 MB total
[2019.06.26-01.19.33:746][  0]LogMemory: Virtual Memory: 4670.26 MB used,  134213056.00 MB free, 134217728.00 MB total
[2019.06.26-01.19.33:758][  0]LogInit: Using OS detected language (en-US).
[2019.06.26-01.19.33:758][  0]LogInit: Using OS detected locale (en-US).
[2019.06.26-01.19.33:758][  0]LogTextLocalizationManager: No specific localization for 'en-US' exists, so the 'en' localization will be used.
[2019.06.26-01.19.33:915][  0]LogSlate: New Slate User Created.  User Index 0, Is Virtual User: 0
[2019.06.26-01.19.33:915][  0]LogSlate: Slate User Registered.  User Index 0, Is Virtual User: 0
[2019.06.26-01.19.33:925][  0]LogHMD: Failed to initialize OpenVR with code 110
[2019.06.26-01.19.33:925][  0]LogD3D11RHI: D3D11 adapters:
[2019.06.26-01.19.33:967][  0]LogD3D11RHI:    0. 'NVIDIA GeForce GTX 1070' (Feature Level 11_0)
[2019.06.26-01.19.33:967][  0]LogD3D11RHI:       8088/0/8172 MB DedicatedVideo/DedicatedSystem/SharedSystem, Outputs:2, VendorId:0x10de
[2019.06.26-01.19.33:968][  0]LogD3D11RHI:    1. 'Microsoft Basic Render Driver' (Feature Level 11_0)
[2019.06.26-01.19.33:968][  0]LogD3D11RHI:       0/0/8172 MB DedicatedVideo/DedicatedSystem/SharedSystem, Outputs:0, VendorId:0x1414
[2019.06.26-01.19.33:968][  0]LogD3D11RHI: Chosen D3D11 Adapter: 0
[2019.06.26-01.19.33:975][  0]LogD3D11RHI: Creating new Direct3DDevice
[2019.06.26-01.19.33:975][  0]LogD3D11RHI:     GPU DeviceId: 0x1b81 (for the marketing name, search the web for "GPU Device Id")
[2019.06.26-01.19.33:975][  0]LogWindows: EnumDisplayDevices:
[2019.06.26-01.19.33:975][  0]LogWindows:    0. 'NVIDIA GeForce GTX 1070' (P:1 D:1)
[2019.06.26-01.19.33:975][  0]LogWindows:    1. 'NVIDIA GeForce GTX 1070' (P:0 D:1)
[2019.06.26-01.19.33:975][  0]LogWindows:    2. 'NVIDIA GeForce GTX 1070' (P:0 D:0)
[2019.06.26-01.19.33:975][  0]LogWindows:    3. 'NVIDIA GeForce GTX 1070' (P:0 D:0)
[2019.06.26-01.19.33:976][  0]LogWindows: DebugString: FoundDriverCount:4 
[2019.06.26-01.19.33:976][  0]LogD3D11RHI:     Adapter Name: NVIDIA GeForce GTX 1070
[2019.06.26-01.19.33:976][  0]LogD3D11RHI:   Driver Version: 425.31 (internal:25.21.14.2531, unified:425.31)
[2019.06.26-01.19.33:976][  0]LogD3D11RHI:      Driver Date: 4-9-2019
[2019.06.26-01.19.33:976][  0]LogRHI: Texture pool is 5661 MB (70% of 8088 MB)
[2019.06.26-01.19.34:001][  0]LogD3D11RHI: Async texture creation enabled
[2019.06.26-01.19.34:003][  0]LogRendererCore: FGlobalReadBuffer::InitRHI
[2019.06.26-01.19.34:003][  0]LogRendererCore: FGlobalReadBuffer::InitRHI
[2019.06.26-01.19.34:003][  0]LogRendererCore: FGlobalReadBuffer::InitRHI
[2019.06.26-01.19.34:011][  0]LogD3D11RHI: GPU Timing Frequency: 1000.000000 (Debug: 2 1)
[2019.06.26-01.19.34:397][  0]LogTemp: Display: Module 'WindowsClientTargetPlatform' loaded TargetPlatform 'WindowsClient'
[2019.06.26-01.19.34:407][  0]LogTemp: Display: Module 'WindowsNoEditorTargetPlatform' loaded TargetPlatform 'WindowsNoEditor'
[2019.06.26-01.19.34:416][  0]LogTemp: Display: Module 'WindowsServerTargetPlatform' loaded TargetPlatform 'WindowsServer'
[2019.06.26-01.19.34:421][  0]LogTemp: Display: Module 'WindowsTargetPlatform' loaded TargetPlatform 'Windows'
[2019.06.26-01.19.34:421][  0]LogTargetPlatformManager: Display: Building Assets For Windows
[2019.06.26-01.19.34:425][  0]LogAudioDebug: Display: Lib vorbis DLL was dynamically loaded.
[2019.06.26-01.19.34:448][  0]LogShaderCompilers: Guid format shader working directory is -3 characters bigger than the processId version (D:/Unreal Projects/ProjectROAR/ProjectROAR_Main/Intermediate/Shaders/WorkingDirectory/16288/).
[2019.06.26-01.19.34:449][  0]LogShaderCompilers: Cleaned the shader compiler working directory 'C:/Users/Alec/AppData/Local/Temp/UnrealShaderWorkingDir/09DB7E8445E04282A37D8F8F9641C509/'.
[2019.06.26-01.19.34:450][  0]LogXGEController: Cannot use XGE Controller as Incredibuild is not installed on this machine.
[2019.06.26-01.19.34:450][  0]LogShaderCompilers: Cannot use XGE Shader Compiler as Incredibuild is not installed on this machine.
[2019.06.26-01.19.34:450][  0]LogShaderCompilers: Display: Using Local Shader Compiler.
[2019.06.26-01.19.34:796][  0]LogDerivedDataCache: Display: Max Cache Size: 512 MB
[2019.06.26-01.19.34:832][  0]LogDerivedDataCache: Loaded boot cache 0.04s 73MB C:/Users/Alec/AppData/Local/UnrealEngine/4.22/DerivedDataCache/Boot.ddc.
[2019.06.26-01.19.34:832][  0]LogDerivedDataCache: Display: Loaded Boot cache: C:/Users/Alec/AppData/Local/UnrealEngine/4.22/DerivedDataCache/Boot.ddc
[2019.06.26-01.19.34:832][  0]LogDerivedDataCache: FDerivedDataBackendGraph:  Pak pak cache file D:/Unreal Projects/ProjectROAR/ProjectROAR_Main/DerivedDataCache/DDC.ddp not found, will not use a pak cache.
[2019.06.26-01.19.34:832][  0]LogDerivedDataCache: Unable to find inner node Pak for hierarchical cache Hierarchy.
[2019.06.26-01.19.34:832][  0]LogDerivedDataCache: FDerivedDataBackendGraph:  CompressedPak pak cache file D:/Unreal Projects/ProjectROAR/ProjectROAR_Main/DerivedDataCache/Compressed.ddp not found, will not use a pak cache.
[2019.06.26-01.19.34:832][  0]LogDerivedDataCache: Unable to find inner node CompressedPak for hierarchical cache Hierarchy.
[2019.06.26-01.19.34:842][  0]LogDerivedDataCache: Display: Pak cache opened for reading ../../../Engine/DerivedDataCache/Compressed.ddp.
[2019.06.26-01.19.34:842][  0]LogDerivedDataCache: FDerivedDataBackendGraph:  EnterprisePak pak cache file ../../../Enterprise/DerivedDataCache/Compressed.ddp not found, will not use a pak cache.
[2019.06.26-01.19.34:842][  0]LogDerivedDataCache: Unable to find inner node EnterprisePak for hierarchical cache Hierarchy.
[2019.06.26-01.19.34:854][  0]LogDerivedDataCache: Using Local data cache path C:/Users/Alec/AppData/Local/UnrealEngine/Common/DerivedDataCache: Writable
[2019.06.26-01.19.34:854][  0]LogDerivedDataCache: Shared data cache path not found in *engine.ini, will not use an Shared cache.
[2019.06.26-01.19.34:854][  0]LogDerivedDataCache: Unable to find inner node Shared for hierarchical cache Hierarchy.
[2019.06.26-01.19.34:856][  0]LogMaterial: Verifying Global Shaders for PCD3D_ES2
[2019.06.26-01.19.35:120][  0]LogSlate: Using FreeType 2.6.0
[2019.06.26-01.19.35:120][  0]LogSlate: SlateFontServices - WITH_FREETYPE: 1, WITH_HARFBUZZ: 1
[2019.06.26-01.19.41:320][  0]LogShaderCompilers: Display: Shaders left to compile 570
[2019.06.26-01.19.41:320][  0]LogShaderCompilers: Display: Shaders left to compile 560
[2019.06.26-01.19.41:320][  0]LogShaderCompilers: Display: Shaders left to compile 550
[2019.06.26-01.19.41:321][  0]LogShaderCompilers: Display: Shaders left to compile 540
[2019.06.26-01.19.41:321][  0]LogShaderCompilers: Display: Shaders left to compile 530
[2019.06.26-01.19.41:321][  0]LogShaderCompilers: Display: Shaders left to compile 520
[2019.06.26-01.19.41:321][  0]LogShaderCompilers: Display: Shaders left to compile 510
[2019.06.26-01.19.41:321][  0]LogShaderCompilers: Display: Shaders left to compile 500
[2019.06.26-01.19.41:321][  0]LogShaderCompilers: Display: Shaders left to compile 490
[2019.06.26-01.19.41:321][  0]LogShaderCompilers: Display: Shaders left to compile 480
[2019.06.26-01.19.41:321][  0]LogShaderCompilers: Display: Shaders left to compile 470
[2019.06.26-01.19.41:321][  0]LogShaderCompilers: Display: Shaders left to compile 460
[2019.06.26-01.19.41:321][  0]LogShaderCompilers: Display: Shaders left to compile 450
[2019.06.26-01.19.41:321][  0]LogShaderCompilers: Display: Shaders left to compile 440
[2019.06.26-01.19.41:321][  0]LogShaderCompilers: Display: Shaders left to compile 430
[2019.06.26-01.19.41:321][  0]LogShaderCompilers: Display: Shaders left to compile 420
[2019.06.26-01.19.41:321][  0]LogShaderCompilers: Display: Shaders left to compile 410
[2019.06.26-01.19.41:321][  0]LogShaderCompilers: Display: Shaders left to compile 400
[2019.06.26-01.19.41:321][  0]LogShaderCompilers: Display: Shaders left to compile 390
[2019.06.26-01.19.41:321][  0]LogShaderCompilers: Display: Shaders left to compile 380
[2019.06.26-01.19.41:321][  0]LogShaderCompilers: Display: Shaders left to compile 370
[2019.06.26-01.19.41:321][  0]LogShaderCompilers: Display: Shaders left to compile 360
[2019.06.26-01.19.41:321][  0]LogShaderCompilers: Display: Shaders left to compile 350
[2019.06.26-01.19.41:321][  0]LogShaderCompilers: Display: Shaders left to compile 340
[2019.06.26-01.19.41:321][  0]LogShaderCompilers: Display: Shaders left to compile 330
[2019.06.26-01.19.41:321][  0]LogShaderCompilers: Display: Shaders left to compile 320
[2019.06.26-01.19.41:321][  0]LogShaderCompilers: Display: Shaders left to compile 310
[2019.06.26-01.19.41:321][  0]LogShaderCompilers: Display: Shaders left to compile 300
[2019.06.26-01.19.41:321][  0]LogShaderCompilers: Display: Shaders left to compile 290
[2019.06.26-01.19.41:321][  0]LogShaderCompilers: Display: Shaders left to compile 280
[2019.06.26-01.19.41:321][  0]LogShaderCompilers: Display: Shaders left to compile 270
[2019.06.26-01.19.41:321][  0]LogShaderCompilers: Display: Shaders left to compile 260
[2019.06.26-01.19.41:321][  0]LogShaderCompilers: Display: Shaders left to compile 250
[2019.06.26-01.19.41:321][  0]LogShaderCompilers: Display: Shaders left to compile 240
[2019.06.26-01.19.41:321][  0]LogShaderCompilers: Display: Shaders left to compile 230
[2019.06.26-01.19.41:321][  0]LogShaderCompilers: Display: Shaders left to compile 220
[2019.06.26-01.19.41:321][  0]LogShaderCompilers: Display: Shaders left to compile 210
[2019.06.26-01.19.41:321][  0]LogShaderCompilers: Display: Shaders left to compile 200
[2019.06.26-01.19.41:321][  0]LogShaderCompilers: Display: Shaders left to compile 190
[2019.06.26-01.19.41:321][  0]LogShaderCompilers: Display: Shaders left to compile 180
[2019.06.26-01.19.41:321][  0]LogShaderCompilers: Display: Shaders left to compile 170
[2019.06.26-01.19.41:321][  0]LogShaderCompilers: Display: Shaders left to compile 160
[2019.06.26-01.19.41:321][  0]LogShaderCompilers: Display: Shaders left to compile 150
[2019.06.26-01.19.41:321][  0]LogShaderCompilers: Display: Shaders left to compile 140
[2019.06.26-01.19.41:321][  0]LogShaderCompilers: Display: Shaders left to compile 130
[2019.06.26-01.19.41:321][  0]LogShaderCompilers: Display: Shaders left to compile 120
[2019.06.26-01.19.41:321][  0]LogShaderCompilers: Display: Shaders left to compile 110
[2019.06.26-01.19.41:321][  0]LogShaderCompilers: Display: Shaders left to compile 100
[2019.06.26-01.19.41:321][  0]LogShaderCompilers: Display: Shaders left to compile 90
[2019.06.26-01.19.41:321][  0]LogShaderCompilers: Display: Shaders left to compile 80
[2019.06.26-01.19.41:321][  0]LogShaderCompilers: Display: Shaders left to compile 70
[2019.06.26-01.19.41:321][  0]LogShaderCompilers: Display: Shaders left to compile 60
[2019.06.26-01.19.41:321][  0]LogShaderCompilers: Display: Shaders left to compile 50
[2019.06.26-01.19.41:321][  0]LogShaderCompilers: Display: Shaders left to compile 40
[2019.06.26-01.19.41:321][  0]LogShaderCompilers: Display: Shaders left to compile 30
[2019.06.26-01.19.41:321][  0]LogShaderCompilers: Display: Shaders left to compile 20
[2019.06.26-01.19.41:321][  0]LogShaderCompilers: Display: Shaders left to compile 10
[2019.06.26-01.19.41:321][  0]LogInit: Using OS detected language (en-US).
[2019.06.26-01.19.41:321][  0]LogInit: Using OS detected locale (en-US).
[2019.06.26-01.19.41:321][  0]LogTextLocalizationManager: No localization for 'en-US' exists, so 'en' will be used for the language.
[2019.06.26-01.19.41:321][  0]LogTextLocalizationManager: No localization for 'en-US' exists, so 'en' will be used for the locale.
[2019.06.26-01.19.41:321][  0]LogSlate: FontCache flush requested. Reason: Culture for localization was changed
[2019.06.26-01.19.41:321][  0]LogSlate: FontCache flush requested. Reason: Culture for localization was changed
[2019.06.26-01.19.41:322][  0]LogTextLocalizationManager: Compacting localization data took   0.00ms
[2019.06.26-01.19.41:327][  0]LogAssetRegistry: FAssetRegistry took 0.0033 seconds to start up
[2019.06.26-01.19.41:459][  0]LogPackageLocalizationCache: Processed 10 localized package path(s) for 1 prioritized culture(s) in 0.000309 seconds
[2019.06.26-01.19.41:550][  0]LogInit: Selected Device Profile: [Windows]
[2019.06.26-01.19.41:595][  0]LogMaterial: Display: Missing cached shader map for material WorldGridMaterial, compiling. Is special engine material.
[2019.06.26-01.19.58:631][  0]LogShaderCompilers: Display: Shaders left to compile 620
[2019.06.26-01.19.58:631][  0]LogShaderCompilers: Display: Shaders left to compile 610
[2019.06.26-01.19.58:631][  0]LogShaderCompilers: Display: Shaders left to compile 600
[2019.06.26-01.19.58:631][  0]LogShaderCompilers: Display: Shaders left to compile 590
[2019.06.26-01.19.58:631][  0]LogShaderCompilers: Display: Shaders left to compile 580
[2019.06.26-01.19.58:631][  0]LogShaderCompilers: Display: Shaders left to compile 570
[2019.06.26-01.19.58:631][  0]LogShaderCompilers: Display: Shaders left to compile 560
[2019.06.26-01.19.58:631][  0]LogShaderCompilers: Display: Shaders left to compile 550
[2019.06.26-01.19.58:631][  0]LogShaderCompilers: Display: Shaders left to compile 540
[2019.06.26-01.19.58:631][  0]LogShaderCompilers: Display: Shaders left to compile 530
[2019.06.26-01.19.58:631][  0]LogShaderCompilers: Display: Shaders left to compile 520
[2019.06.26-01.19.58:631][  0]LogShaderCompilers: Display: Shaders left to compile 510
[2019.06.26-01.19.58:631][  0]LogShaderCompilers: Display: Shaders left to compile 500
[2019.06.26-01.19.58:631][  0]LogShaderCompilers: Display: Shaders left to compile 490
[2019.06.26-01.19.58:631][  0]LogShaderCompilers: Display: Shaders left to compile 480
[2019.06.26-01.19.58:631][  0]LogShaderCompilers: Display: Shaders left to compile 470
[2019.06.26-01.19.58:631][  0]LogShaderCompilers: Display: Shaders left to compile 460
[2019.06.26-01.19.58:631][  0]LogShaderCompilers: Display: Shaders left to compile 450
[2019.06.26-01.19.58:631][  0]LogShaderCompilers: Display: Shaders left to compile 440
[2019.06.26-01.19.58:631][  0]LogShaderCompilers: Display: Shaders left to compile 430
[2019.06.26-01.19.58:631][  0]LogShaderCompilers: Display: Shaders left to compile 420
[2019.06.26-01.19.58:631][  0]LogShaderCompilers: Display: Shaders left to compile 410
[2019.06.26-01.19.58:631][  0]LogShaderCompilers: Display: Shaders left to compile 400
[2019.06.26-01.19.58:631][  0]LogShaderCompilers: Display: Shaders left to compile 390
[2019.06.26-01.19.58:631][  0]LogShaderCompilers: Display: Shaders left to compile 380
[2019.06.26-01.19.58:631][  0]LogShaderCompilers: Display: Shaders left to compile 370
[2019.06.26-01.19.58:631][  0]LogShaderCompilers: Display: Shaders left to compile 360
[2019.06.26-01.19.58:631][  0]LogShaderCompilers: Display: Shaders left to compile 350
[2019.06.26-01.19.58:631][  0]LogShaderCompilers: Display: Shaders left to compile 340
[2019.06.26-01.19.58:631][  0]LogShaderCompilers: Display: Shaders left to compile 330
[2019.06.26-01.19.58:631][  0]LogShaderCompilers: Display: Shaders left to compile 320
[2019.06.26-01.19.58:631][  0]LogShaderCompilers: Display: Shaders left to compile 310
[2019.06.26-01.19.58:631][  0]LogShaderCompilers: Display: Shaders left to compile 300
[2019.06.26-01.19.58:631][  0]LogShaderCompilers: Display: Shaders left to compile 290
[2019.06.26-01.19.58:631][  0]LogShaderCompilers: Display: Shaders left to compile 280
[2019.06.26-01.19.58:631][  0]LogShaderCompilers: Display: Shaders left to compile 270
[2019.06.26-01.19.58:631][  0]LogShaderCompilers: Display: Shaders left to compile 260
[2019.06.26-01.19.58:631][  0]LogShaderCompilers: Display: Shaders left to compile 250
[2019.06.26-01.19.58:631][  0]LogShaderCompilers: Display: Shaders left to compile 240
[2019.06.26-01.19.58:631][  0]LogShaderCompilers: Display: Shaders left to compile 230
[2019.06.26-01.19.58:631][  0]LogShaderCompilers: Display: Shaders left to compile 220
[2019.06.26-01.19.58:632][  0]LogShaderCompilers: Display: Shaders left to compile 210
[2019.06.26-01.19.58:632][  0]LogShaderCompilers: Display: Shaders left to compile 200
[2019.06.26-01.19.58:632][  0]LogShaderCompilers: Display: Shaders left to compile 190
[2019.06.26-01.19.58:632][  0]LogShaderCompilers: Display: Shaders left to compile 180
[2019.06.26-01.19.58:632][  0]LogShaderCompilers: Display: Shaders left to compile 170
[2019.06.26-01.19.58:632][  0]LogShaderCompilers: Display: Shaders left to compile 160
[2019.06.26-01.19.58:632][  0]LogShaderCompilers: Display: Shaders left to compile 150
[2019.06.26-01.19.58:632][  0]LogShaderCompilers: Display: Shaders left to compile 140
[2019.06.26-01.19.58:632][  0]LogShaderCompilers: Display: Shaders left to compile 130
[2019.06.26-01.19.58:632][  0]LogShaderCompilers: Display: Shaders left to compile 120
[2019.06.26-01.19.58:632][  0]LogShaderCompilers: Display: Shaders left to compile 110
[2019.06.26-01.19.58:632][  0]LogShaderCompilers: Display: Shaders left to compile 100
[2019.06.26-01.19.58:632][  0]LogShaderCompilers: Display: Shaders left to compile 90
[2019.06.26-01.19.58:632][  0]LogShaderCompilers: Display: Shaders left to compile 80
[2019.06.26-01.19.58:632][  0]LogShaderCompilers: Display: Shaders left to compile 70
[2019.06.26-01.19.58:632][  0]LogShaderCompilers: Display: Shaders left to compile 60
[2019.06.26-01.19.58:632][  0]LogShaderCompilers: Display: Shaders left to compile 50
[2019.06.26-01.19.58:632][  0]LogShaderCompilers: Display: Shaders left to compile 40
[2019.06.26-01.19.58:632][  0]LogShaderCompilers: Display: Shaders left to compile 30
[2019.06.26-01.19.58:632][  0]LogShaderCompilers: Display: Shaders left to compile 20
[2019.06.26-01.19.58:632][  0]LogShaderCompilers: Display: Shaders left to compile 10
[2019.06.26-01.19.58:632][  0]LogMaterial: Display: Missing cached shader map for material DefaultLightFunctionMaterial, compiling. 
[2019.06.26-01.19.58:747][  0]LogMaterial: Display: Missing cached shader map for material DefaultPostProcessMaterial, compiling. 
[2019.06.26-01.19.58:932][  0]LogMaterial: Display: Missing cached shader map for material DefaultDeferredDecalMaterial, compiling. 
[2019.06.26-01.20.01:851][  0]LogShaderCompilers: Display: Shaders left to compile 100
[2019.06.26-01.20.01:851][  0]LogShaderCompilers: Display: Shaders left to compile 90
[2019.06.26-01.20.01:851][  0]LogShaderCompilers: Display: Shaders left to compile 80
[2019.06.26-01.20.01:851][  0]LogShaderCompilers: Display: Shaders left to compile 70
[2019.06.26-01.20.01:851][  0]LogShaderCompilers: Display: Shaders left to compile 60
[2019.06.26-01.20.01:851][  0]LogShaderCompilers: Display: Shaders left to compile 50
[2019.06.26-01.20.01:851][  0]LogShaderCompilers: Display: Shaders left to compile 40
[2019.06.26-01.20.01:851][  0]LogShaderCompilers: Display: Shaders left to compile 30
[2019.06.26-01.20.01:851][  0]LogShaderCompilers: Display: Shaders left to compile 20
[2019.06.26-01.20.01:851][  0]LogShaderCompilers: Display: Shaders left to compile 10
[2019.06.26-01.20.01:851][  0]LogMaterial: Display: Missing cached shader map for material MatineeCam_mat, compiling. 
[2019.06.26-01.20.01:871][  0]LogMeshReduction: Using QuadricMeshReduction for automatic static mesh reduction
[2019.06.26-01.20.01:871][  0]LogMeshReduction: Using SimplygonMeshReduction for automatic skeletal mesh reduction
[2019.06.26-01.20.01:871][  0]LogMeshReduction: Using ProxyLODMeshReduction for automatic mesh merging
[2019.06.26-01.20.01:871][  0]LogMeshReduction: No distributed automatic mesh merging module available
[2019.06.26-01.20.01:871][  0]LogMeshMerging: No distributed automatic mesh merging module available
[2019.06.26-01.20.01:878][  0]LogNetVersion: ProjectROAR_Main 1.0.0, NetCL: 5660361, EngineNetVer: 10, GameNetVer: 0 (Checksum: 1109556897)
[2019.06.26-01.20.01:887][  0]LogMaterial: Display: Missing cached shader map for material HelpActorMaterial, compiling. 
[2019.06.26-01.20.01:922][  0]LogMaterial: Display: Missing cached shader map for material M_ChromeBall, compiling. 
[2019.06.26-01.20.01:967][  0]LogMaterial: Display: Missing cached shader map for material DefaultTextMaterialOpaque, compiling. 
[2019.06.26-01.20.01:995][  0]LogMaterial: Display: Missing cached shader map for material BaseFlattenMaterial, compiling. 
[2019.06.26-01.20.02:031][  0]LogMaterial: Display: Missing cached shader map for material Widget3DPassThrough, compiling. 
[2019.06.26-01.20.02:038][  0]LogMaterial: Display: Missing cached shader map for material Widget3DPassThrough, compiling. 
[2019.06.26-01.20.02:049][  0]LogMaterial: Display: Missing cached shader map for material Widget3DPassThrough, compiling. 
[2019.06.26-01.20.02:055][  0]LogMaterial: Display: Missing cached shader map for material Widget3DPassThrough, compiling. 
[2019.06.26-01.20.02:061][  0]LogMaterial: Display: Missing cached shader map for material Widget3DPassThrough, compiling. 
[2019.06.26-01.20.02:069][  0]LogMaterial: Display: Missing cached shader map for material Widget3DPassThrough, compiling. 
[2019.06.26-01.20.02:083][  0]LogMaterial: Display: Missing cached shader map for material Xray, compiling. 
[2019.06.26-01.20.02:100][  0]LogMaterial: Display: Missing cached shader map for material Main, compiling. 
[2019.06.26-01.20.02:120][  0]LogMaterial: Display: Missing cached shader map for material TranslucentTransformGizmoMaterial, compiling. 
[2019.06.26-01.20.02:127][  0]LogMaterial: Display: Missing cached shader map for material TransformGizmoMaterial, compiling. 
[2019.06.26-01.20.02:142][  0]LogMaterial: Display: Missing cached shader map for material CineMat, compiling. 
[2019.06.26-01.20.02:187][  0]LogMaterial: Display: Missing cached shader map for material M_SimpleOpaque, compiling. 
[2019.06.26-01.20.02:212][  0]LogMaterial: Display: Missing cached shader map for material M_SimpleTranslucent, compiling. 
[2019.06.26-01.20.02:300][  0]LogMaterial: Display: Missing cached shader map for material SkySphereMaterial, compiling. 
[2019.06.26-01.20.02:313][  0]LogMaterial: Display: Missing cached shader map for material FloorPlaneMaterial, compiling. 
[2019.06.26-01.20.02:417][  0]LogMaterial: Display: Missing cached shader map for material LandscapeGizmo_Mat, compiling. 
[2019.06.26-01.20.02:432][  0]LogMaterial: Display: Missing cached shader map for material LandscapeGizmoHeight_Mat, compiling. 
[2019.06.26-01.20.02:467][  0]LogMaterial: Display: Missing cached shader map for material SplineEditorMeshMat, compiling. 
[2019.06.26-01.20.02:651][  0]LogMoviePlayer: Initializing movie player
[2019.06.26-01.20.02:740][  0]LogMaterial: Display: Missing cached shader map for material DefaultSpriteMaterial, compiling. 
[2019.06.26-01.20.02:748][  0]LogMaterial: Display: Missing cached shader map for material DefaultSpriteMaterial, compiling. 
[2019.06.26-01.20.02:783][  0]LogSubstanceCoreModule: Substance [CPU] Engine Loaded, Max Texture Size = 2048
[2019.06.26-01.20.02:786][  0]LogTcpMessaging: Initializing TcpMessaging bridge
[2019.06.26-01.20.02:799][  0]LogUdpMessaging: Initializing bridge on interface 0.0.0.0:0 to multicast group 230.0.0.1:6666.
[2019.06.26-01.20.02:866][  0]LogMaterial: Display: Missing cached shader map for material DefaultMaterial, compiling. 
[2019.06.26-01.20.02:954][  0]SourceControl: Source control is disabled
[2019.06.26-01.20.02:954][  0]SourceControl: Source control is disabled
[2019.06.26-01.20.02:955][  0]SourceControl: Source control is disabled
[2019.06.26-01.20.02:964][  0]LogVSAccessor: Display: Unable to create Visual Studio setup instance: 80040154
[2019.06.26-01.20.02:965][  0]LogVSAccessor: Display: Unable to create Visual Studio setup instance: 80040154
[2019.06.26-01.20.02:996][  0]LogAndroidPermission: UAndroidPermissionCallbackProxy::GetInstance
[2019.06.26-01.20.03:086][  0]LogOcInput: OculusInput pre-init called
[2019.06.26-01.20.03:105][  0]LogUObjectArray: 46656 objects as part of root set at end of initial load.
[2019.06.26-01.20.03:105][  0]LogUObjectAllocator: 8193784 out of 0 bytes used by permanent object pool.
[2019.06.26-01.20.03:105][  0]LogUObjectArray: CloseDisregardForGC: 0/0 objects in disregard for GC pool
[2019.06.26-01.20.03:195][  0]LogMaterial: Display: Missing cached shader map for material HighResScreenshot, compiling. 
[2019.06.26-01.20.03:203][  0]LogMaterial: Display: Missing cached shader map for material HighResScreenshotMask, compiling. 
[2019.06.26-01.20.03:213][  0]LogMaterial: Display: Missing cached shader map for material HighResScreenshotCaptureRegion, compiling. 
[2019.06.26-01.20.03:248][  0]LogEngine: Initializing Engine...
[2019.06.26-01.20.03:249][  0]LogHMD: Failed to initialize OpenVR with code 110
[2019.06.26-01.20.03:262][  0]LogStats: UGameplayTagsManager::InitializeManager -  0.000 s
[2019.06.26-01.20.03:264][  0]LogMaterial: Display: Missing cached shader map for material WireframeMaterial, compiling. Is special engine material.
[2019.06.26-01.20.03:301][  0]LogMaterial: Display: Missing cached shader map for material LevelColorationLitMaterial, compiling. Is special engine material.
[2019.06.26-01.20.03:522][  0]LogMaterial: Display: Missing cached shader map for material LevelColorationUnlitMaterial, compiling. Is special engine material.
[2019.06.26-01.20.03:554][  0]LogMaterial: Display: Missing cached shader map for material MAT_LevelColorationLitLightmapUV, compiling. Is special engine material.
[2019.06.26-01.20.03:769][  0]LogMaterial: Display: Missing cached shader map for material ShadedLevelColorationLitMaterial, compiling. Is special engine material.
[2019.06.26-01.20.03:995][  0]LogMaterial: Display: Missing cached shader map for material ShadedLevelColorationUnlitMateri, compiling. Is special engine material.
[2019.06.26-01.20.04:024][  0]LogMaterial: Display: Missing cached shader map for material VertexColorMaterial, compiling. 
[2019.06.26-01.20.04:084][  0]LogMaterial: Display: Missing cached shader map for material VertexColorViewMode_ColorOnly, compiling. 
[2019.06.26-01.20.04:093][  0]LogMaterial: Display: Missing cached shader map for material VertexColorViewMode_AlphaAsColor, compiling. 
[2019.06.26-01.20.04:102][  0]LogMaterial: Display: Missing cached shader map for material VertexColorViewMode_RedOnly, compiling. 
[2019.06.26-01.20.04:111][  0]LogMaterial: Display: Missing cached shader map for material VertexColorViewMode_GreenOnly, compiling. 
[2019.06.26-01.20.04:121][  0]LogMaterial: Display: Missing cached shader map for material VertexColorViewMode_BlueOnly, compiling. 
[2019.06.26-01.20.04:131][  0]LogMaterial: Display: Missing cached shader map for material RemoveSurfaceMaterial, compiling. 
[2019.06.26-01.20.04:137][  0]LogMaterial: Display: Missing cached shader map for material DebugMeshMaterial, compiling. 
[2019.06.26-01.20.04:147][  0]LogMaterial: Display: Missing cached shader map for material M_InvalidLightmapSettings, compiling. 
[2019.06.26-01.20.04:181][  0]LogMaterial: Display: Missing cached shader map for material GizmoMaterial, compiling. 
[2019.06.26-01.20.04:192][  0]LogMaterial: Display: Missing cached shader map for material PhAT_JointLimitMaterial, compiling. 
[2019.06.26-01.20.04:253][  0]LogInit: Initializing FReadOnlyCVARCache
[2019.06.26-01.20.04:271][  0]LogInit: XAudio2 using 'Speakers (Realtek(R) Audio)' : 2 channels at 48 kHz using 32 bits per sample (channel mask 0x3)
[2019.06.26-01.20.04:300][  0]LogInit: FAudioDevice initialized.
[2019.06.26-01.20.04:312][  0]LogNetVersion: Set ProjectVersion to 1.0.0.0. Version Checksum will be recalculated on next use.
[2019.06.26-01.20.04:318][  0]LogInit: Texture streaming: Enabled
[2019.06.26-01.20.04:321][  0]LogMaterial: Display: Missing cached shader map for material BaseColor, compiling. 
[2019.06.26-01.20.04:328][  0]LogMaterial: Display: Missing cached shader map for material CustomDepth, compiling. 
[2019.06.26-01.20.04:342][  0]LogMaterial: Display: Missing cached shader map for material CustomStencil, compiling. 
[2019.06.26-01.20.04:349][  0]LogMaterial: Display: Missing cached shader map for material FinalImage, compiling. 
[2019.06.26-01.20.04:356][  0]LogMaterial: Display: Missing cached shader map for material LightingModel, compiling. 
[2019.06.26-01.20.04:362][  0]LogMaterial: Display: Missing cached shader map for material MaterialAO, compiling. 
[2019.06.26-01.20.04:369][  0]LogMaterial: Display: Missing cached shader map for material Metallic, compiling. 
[2019.06.26-01.20.04:375][  0]LogMaterial: Display: Missing cached shader map for material Opacity, compiling. 
[2019.06.26-01.20.04:382][  0]LogMaterial: Display: Missing cached shader map for material Roughness, compiling. 
[2019.06.26-01.20.04:388][  0]LogMaterial: Display: Missing cached shader map for material SceneColor, compiling. 
[2019.06.26-01.20.04:394][  0]LogMaterial: Display: Missing cached shader map for material SceneDepth, compiling. 
[2019.06.26-01.20.04:401][  0]LogMaterial: Display: Missing cached shader map for material SeparateTranslucencyRGB, compiling. 
[2019.06.26-01.20.04:407][  0]LogMaterial: Display: Missing cached shader map for material SeparateTranslucencyA, compiling. 
[2019.06.26-01.20.04:414][  0]LogMaterial: Display: Missing cached shader map for material Specular, compiling. 
[2019.06.26-01.20.04:420][  0]LogMaterial: Display: Missing cached shader map for material SubsurfaceColor, compiling. 
[2019.06.26-01.20.04:427][  0]LogMaterial: Display: Missing cached shader map for material WorldNormal, compiling. 
[2019.06.26-01.20.04:433][  0]LogMaterial: Display: Missing cached shader map for material AmbientOcclusion, compiling. 
[2019.06.26-01.20.04:442][  0]LogMaterial: Display: Missing cached shader map for material CustomDepthWorldUnits, compiling. 
[2019.06.26-01.20.04:449][  0]LogMaterial: Display: Missing cached shader map for material SceneDepthWorldUnits, compiling. 
[2019.06.26-01.20.04:456][  0]LogMaterial: Display: Missing cached shader map for material Velocity, compiling. 
[2019.06.26-01.20.04:463][  0]LogMaterial: Display: Missing cached shader map for material PreTonemapHDRColor, compiling. 
[2019.06.26-01.20.04:469][  0]LogMaterial: Display: Missing cached shader map for material PostTonemapHDRColor, compiling. 
[2019.06.26-01.20.04:503][  0]LogSlate: Updating window title bar state: overlay mode, drag disabled, window buttons hidden, title bar hidden
[2019.06.26-01.20.04:504][  0]LogInit: Display: Game Engine Initialized.
[2019.06.26-01.20.04:531][  0]LogMaterial: Display: Missing cached shader map for material OculusMR_WhiteMaterial, compiling. 
[2019.06.26-01.20.04:544][  0]LogMaterial: Display: Missing cached shader map for material OculusMR_ChromaKey, compiling. 
[2019.06.26-01.20.04:559][  0]LogMaterial: Display: Missing cached shader map for material OculusMR_ChromaKey_Lit, compiling. 
[2019.06.26-01.20.04:580][  0]LogMaterial: Display: Missing cached shader map for material OculusMR_OpaqueColoredMaterial, compiling. 
[2019.06.26-01.20.04:591][  0]LogInit: Display: Starting Game.
[2019.06.26-01.20.04:592][  0]LogNet: Browse: /Game/RollingBP/Maps/RollingBPExampleMap?Name=Player
[2019.06.26-01.20.04:592][  0]LogLoad: LoadMap: /Game/RollingBP/Maps/RollingBPExampleMap?Name=Player
[2019.06.26-01.20.04:624][  0]LogUObjectHash: Compacting FUObjectHashTables data took   2.25ms
[2019.06.26-01.20.04:839][  0]LogMaterial: Display: Missing cached shader map for material CubeMaterial, compiling. 
[2019.06.26-01.20.04:868][  0]LogMaterial: Display: Missing cached shader map for material BaseMaterial, compiling. 
[2019.06.26-01.20.04:911][  0]LogMaterial: Display: Missing cached shader map for material Grass_MAT, compiling. 
[2019.06.26-01.20.04:947][  0]LogMaterial: Display: Missing cached shader map for material HEX_grass_MAT, compiling. 
[2019.06.26-01.20.04:980][  0]LogMaterial: Display: Missing cached shader map for material M_Sky_Panning_Clouds2, compiling. 
[2019.06.26-01.20.04:986][  0]LogMaterial: Display: Missing cached shader map for material CrokinolePiece, compiling. 
[2019.06.26-01.20.05:034][  0]LogAIModule: Creating AISystem for world RollingBPExampleMap
[2019.06.26-01.20.05:035][  0]LogLoad: Game class is 'RollingGameMode_C'
[2019.06.26-01.20.05:086][  0]LogWorld: Bringing World /Game/RollingBP/Maps/RollingBPExampleMap.RollingBPExampleMap up for play (max tick rate 0) at 2019.06.25-21.20.05
[2019.06.26-01.20.05:087][  0]LogWorld: Bringing up level for play took: 0.025518
[2019.06.26-01.20.05:092][  0]LogLoad: Took 0.500084 seconds to LoadMap(/Game/RollingBP/Maps/RollingBPExampleMap)
[2019.06.26-01.20.05:147][  0]LogRenderer: Reallocating scene render targets to support 1280x720 Format 2 NumSamples 1 (Frame:1).
[2019.06.26-01.20.05:147][  0]LogLoad: (Engine Initialization) Total time: 32.80 seconds
[2019.06.26-01.20.05:147][  0]LogLoad: (Engine Initialization) Total Blueprint compile time: 0.00 seconds
[2019.06.26-01.20.05:167][  0]LogContentStreaming: Texture pool size now 1000 MB
[2019.06.26-01.21.28:861][184]LogShaderCompilers: Warning: Failed to compile Material /Game/Rolling/Materials/HEX_grass_MAT.HEX_grass_MAT for platform PCD3D_ES2, Default Material will be used in game.
[2019.06.26-01.21.28:861][184]LogShaderCompilers: Display: 	/Engine/Generated/Material.ush(1958,2-42):  warning X3206: implicit truncation of vector type
[2019.06.26-01.21.28:861][184]LogShaderCompilers: Display: 	/Engine/Generated/Material.ush(1960,2-43):  warning X3206: implicit truncation of vector type
[2019.06.26-01.21.28:861][184]LogShaderCompilers: Display: 	/Engine/Generated/Material.ush(1962,2-51):  warning X3206: implicit truncation of vector type
[2019.06.26-01.21.28:861][184]LogShaderCompilers: Display: 	/Engine/Generated/Material.ush(1026,22-55):  warning X3571: pow(f, e) will not work for negative f, use abs(f) or conditionally handle negative values if you expect them
[2019.06.26-01.21.28:861][184]LogShaderCompilers: Display: 	(): Shader uses more than 8 texture samplers which is not supported by ES2!  Used: 9
[2019.06.26-01.21.28:861][184]LogShaderCompilers: Display: 	(): Shader uses more than 8 texture samplers which is not supported by ES2!  Used: 10
[2019.06.26-01.21.54:364][757]LogSlate: Window 'ProjectROAR_Main (64-bit Development PCD3D_ES2) ' being destroyed
[2019.06.26-01.21.54:364][757]LogWindowsTextInputMethodSystem: Display: IME system now deactivated.
[2019.06.26-01.21.54:368][757]LogWindowsTextInputMethodSystem: Display: IME system now deactivated.
[2019.06.26-01.21.54:369][757]LogSlate: Updating window title bar state: overlay mode, drag disabled, window buttons hidden, title bar hidden
[2019.06.26-01.21.54:369][757]LogEngine: All Windows Closed
[2019.06.26-01.21.54:369][757]LogWindows: FPlatformMisc::RequestExit(0)
[2019.06.26-01.21.55:325][758]LogExit: Preparing to exit.
[2019.06.26-01.21.55:325][758]LogMoviePlayer: Shutting down movie player
[2019.06.26-01.21.55:882][758]LogSlate: Updating window title bar state: overlay mode, drag disabled, window buttons hidden, title bar hidden
[2019.06.26-01.21.55:896][758]LogExit: Game engine shut down
[2019.06.26-01.21.55:986][758]LogExit: Object subsystem successfully closed.
[2019.06.26-01.21.56:017][758]LogShaderCompilers: Display: Shaders left to compile 0
[2019.06.26-01.21.56:023][758]LogD3D11RHI: Shutdown
[2019.06.26-01.21.56:024][758]LogD3D11RHI: CleanupD3DDevice
[2019.06.26-01.21.56:024][758]LogRendererCore: FGlobalReadBuffer::ReleaseRHI
[2019.06.26-01.21.56:024][758]LogRendererCore: FGlobalDynamicReadBuffer::Cleanup()
[2019.06.26-01.21.56:025][758]LogRendererCore: FGlobalReadBuffer::ReleaseRHI
[2019.06.26-01.21.56:025][758]LogRendererCore: FGlobalDynamicReadBuffer::Cleanup()
[2019.06.26-01.21.56:025][758]LogRendererCore: FGlobalReadBuffer::ReleaseRHI
[2019.06.26-01.21.56:025][758]LogRendererCore: FGlobalDynamicReadBuffer::Cleanup()
[2019.06.26-01.21.56:051][758]LogD3D11RHI: ~FD3D11DynamicRHI
[2019.06.26-01.21.56:073][758]LogModuleManager: Shutting down and abandoning module SequenceRecorderSections (400)
[2019.06.26-01.21.56:074][758]LogModuleManager: Shutting down and abandoning module SequenceRecorder (398)
[2019.06.26-01.21.56:074][758]LogModuleManager: Shutting down and abandoning module AutomationController (396)
[2019.06.26-01.21.56:075][758]LogModuleManager: Shutting down and abandoning module AutomationWorker (394)
[2019.06.26-01.21.56:075][758]LogModuleManager: Shutting down and abandoning module Voice (392)
[2019.06.26-01.21.56:075][758]LogModuleManager: Shutting down and abandoning module AIModule (390)
[2019.06.26-01.21.56:076][758]LogModuleManager: Shutting down and abandoning module GameplayDebugger (389)
[2019.06.26-01.21.56:076][758]LogModuleManager: Shutting down and abandoning module AITestSuite (387)
[2019.06.26-01.21.56:077][758]LogModuleManager: Shutting down and abandoning module NavigationSystem (385)
[2019.06.26-01.21.56:077][758]LogModuleManager: Shutting down and abandoning module OculusMR (382)
[2019.06.26-01.21.56:077][758]LogModuleManager: Shutting down and abandoning module WmfMediaFactory (380)
[2019.06.26-01.21.56:077][758]LogModuleManager: Shutting down and abandoning module WebMMediaFactory (378)
[2019.06.26-01.21.56:077][758]LogModuleManager: Shutting down and abandoning module WebMMedia (376)
[2019.06.26-01.21.56:077][758]LogModuleManager: Shutting down and abandoning module OpenExrWrapper (374)
[2019.06.26-01.21.56:077][758]LogModuleManager: Shutting down and abandoning module ImgMediaFactory (372)
[2019.06.26-01.21.56:077][758]LogModuleManager: Shutting down and abandoning module AvfMediaFactory (370)
[2019.06.26-01.21.56:077][758]LogModuleManager: Shutting down and abandoning module MagicLeapCameraPreviewFactory (368)
[2019.06.26-01.21.56:077][758]LogModuleManager: Shutting down and abandoning module MagicLeapMediaCodecFactory (366)
[2019.06.26-01.21.56:077][758]LogModuleManager: Shutting down and abandoning module MagicLeapMediaFactory (364)
[2019.06.26-01.21.56:077][758]LogModuleManager: Shutting down and abandoning module CharacterAI (362)
[2019.06.26-01.21.56:077][758]LogModuleManager: Shutting down and abandoning module SessionServices (360)
[2019.06.26-01.21.56:077][758]LogModuleManager: Shutting down and abandoning module MovieSceneCapture (358)
[2019.06.26-01.21.56:077][758]LogModuleManager: Shutting down and abandoning module LiveCoding (356)
[2019.06.26-01.21.56:078][758]LogModuleManager: Shutting down and abandoning module LevelSequence (354)
[2019.06.26-01.21.56:078][758]LogModuleManager: Shutting down and abandoning module MovieSceneTracks (352)
[2019.06.26-01.21.56:078][758]LogModuleManager: Shutting down and abandoning module MovieScene (350)
[2019.06.26-01.21.56:078][758]LogModuleManager: Shutting down and abandoning module StreamingPauseRendering (348)
[2019.06.26-01.21.56:079][758]LogModuleManager: Shutting down and abandoning module PortalServices (346)
[2019.06.26-01.21.56:079][758]LogModuleManager: Shutting down and abandoning module PortalRpc (344)
[2019.06.26-01.21.56:079][758]LogModuleManager: Shutting down and abandoning module MessagingRpc (342)
[2019.06.26-01.21.56:079][758]LogModuleManager: Shutting down and abandoning module ImageWriteQueue (340)
[2019.06.26-01.21.56:080][758]LogModuleManager: Shutting down and abandoning module ProfilerService (338)
[2019.06.26-01.21.56:325][758]LogModuleManager: Shutting down and abandoning module TaskGraph (336)
[2019.06.26-01.21.56:326][758]LogModuleManager: Shutting down and abandoning module SteamVRController (334)
[2019.06.26-01.21.56:326][758]LogModuleManager: Shutting down and abandoning module ProceduralMeshComponent (332)
[2019.06.26-01.21.56:327][758]LogModuleManager: Shutting down and abandoning module OculusInput (330)
[2019.06.26-01.21.56:327][758]LogModuleManager: Shutting down and abandoning module MobilePatchingUtils (328)
[2019.06.26-01.21.56:327][758]LogModuleManager: Shutting down and abandoning module EditableMesh (326)
[2019.06.26-01.21.56:327][758]LogModuleManager: Shutting down and abandoning module CustomMeshComponent (324)
[2019.06.26-01.21.56:327][758]LogModuleManager: Shutting down and abandoning module CableComponent (322)
[2019.06.26-01.21.56:327][758]LogModuleManager: Shutting down and abandoning module AudioCapture (320)
[2019.06.26-01.21.56:328][758]LogModuleManager: Shutting down and abandoning module ArchVisCharacter (318)
[2019.06.26-01.21.56:328][758]LogModuleManager: Shutting down and abandoning module AndroidPermission (316)
[2019.06.26-01.21.56:328][758]LogModuleManager: Shutting down and abandoning module NUTUnrealEngine4 (314)
[2019.06.26-01.21.56:328][758]LogModuleManager: Shutting down and abandoning module NetcodeUnitTest (312)
[2019.06.26-01.21.56:329][758]LogModuleManager: Shutting down and abandoning module MediaCompositing (310)
[2019.06.26-01.21.56:329][758]LogModuleManager: Shutting down and abandoning module LinearTimecode (308)
[2019.06.26-01.21.56:329][758]LogModuleManager: Shutting down and abandoning module ImgMedia (306)
[2019.06.26-01.21.56:329][758]LogModuleManager: Shutting down and abandoning module MagicLeapHelperVulkan (304)
[2019.06.26-01.21.56:329][758]LogModuleManager: Shutting down and abandoning module MagicLeapHelperOpenGL (302)
[2019.06.26-01.21.56:329][758]LogModuleManager: Shutting down and abandoning module MagicLeapAudio (300)
[2019.06.26-01.21.56:329][758]LogModuleManager: Shutting down and abandoning module HTML5Networking (298)
[2019.06.26-01.21.56:329][758]LogModuleManager: Shutting down and abandoning module GeometryCacheTracks (296)
[2019.06.26-01.21.56:329][758]LogModuleManager: Shutting down and abandoning module GeometryCacheSequencer (295)
[2019.06.26-01.21.56:329][758]LogModuleManager: Shutting down and abandoning module GeometryCache (292)
[2019.06.26-01.21.56:329][758]LogModuleManager: Shutting down and abandoning module GeometryCacheEd (291)
[2019.06.26-01.21.56:329][758]LogModuleManager: Shutting down and abandoning module BackChannel (288)
[2019.06.26-01.21.56:330][758]LogModuleManager: Shutting down and abandoning module AppleVision (286)
[2019.06.26-01.21.56:330][758]LogModuleManager: Shutting down and abandoning module AppleImageUtilsBlueprintSupport (284)
[2019.06.26-01.21.56:330][758]LogModuleManager: Shutting down and abandoning module AppleImageUtils (282)
[2019.06.26-01.21.56:330][758]LogModuleManager: Shutting down and abandoning module VariantManagerContent (280)
[2019.06.26-01.21.56:330][758]LogModuleManager: Shutting down and abandoning module CryptoKeysOpenSSL (278)
[2019.06.26-01.21.56:330][758]LogModuleManager: Shutting down and abandoning module CryptoKeys (276)
[2019.06.26-01.21.56:330][758]LogModuleManager: Shutting down and abandoning module VisualStudioSourceCodeAccess (274)
[2019.06.26-01.21.56:330][758]LogModuleManager: Shutting down and abandoning module HotReload (273)
[2019.06.26-01.21.56:331][758]LogModuleManager: Shutting down and abandoning module DirectoryWatcher (272)
[2019.06.26-01.21.56:331][758]LogModuleManager: Shutting down and abandoning module VisualStudioCodeSourceCodeAccess (268)
[2019.06.26-01.21.56:331][758]LogModuleManager: Shutting down and abandoning module UObjectPlugin (266)
[2019.06.26-01.21.56:331][758]LogModuleManager: Shutting down and abandoning module SubversionSourceControl (264)
[2019.06.26-01.21.56:332][758]LogModuleManager: Shutting down and abandoning module PerforceSourceControl (262)
[2019.06.26-01.21.56:333][758]LogModuleManager: Shutting down and abandoning module SourceControl (261)
[2019.06.26-01.21.56:333][758]LogModuleManager: Shutting down and abandoning module CLionSourceCodeAccess (258)
[2019.06.26-01.21.56:333][758]LogModuleManager: Shutting down and abandoning module ActorLayerUtilities (256)
[2019.06.26-01.21.56:333][758]LogModuleManager: Shutting down and abandoning module SignificanceManager (254)
[2019.06.26-01.21.56:333][758]LogModuleManager: Shutting down and abandoning module RuntimePhysXCooking (252)
[2019.06.26-01.21.56:333][758]LogModuleManager: Shutting down and abandoning module PhysXVehiclesEditor (250)
[2019.06.26-01.21.56:333][758]LogModuleManager: Shutting down and abandoning module PhysXVehicles (248)
[2019.06.26-01.21.56:333][758]LogModuleManager: Shutting down and abandoning module LocationServicesBPLibrary (246)
[2019.06.26-01.21.56:333][758]LogModuleManager: Shutting down and abandoning module ActorSequence (244)
[2019.06.26-01.21.56:333][758]LogModuleManager: Shutting down and abandoning module UdpMessaging (242)
[2019.06.26-01.21.56:434][758]LogModuleManager: Shutting down and abandoning module TcpMessaging (240)
[2019.06.26-01.21.56:854][758]LogModuleManager: Shutting down and abandoning module SubstanceCore (238)
[2019.06.26-01.21.56:855][758]LogModuleManager: Shutting down and abandoning module MagicLeapIdentity (236)
[2019.06.26-01.21.56:855][758]LogModuleManager: Shutting down and abandoning module MagicLeapSecureStorage (234)
[2019.06.26-01.21.56:855][758]LogModuleManager: Shutting down and abandoning module MagicLeapHandTracking (232)
[2019.06.26-01.21.56:855][758]LogModuleManager: Shutting down and abandoning module MagicLeapEyeTracker (230)
[2019.06.26-01.21.56:855][758]LogModuleManager: Shutting down and abandoning module MagicLeapController (228)
[2019.06.26-01.21.56:856][758]LogSlate: Slate User Destroyed.  User Index 0, Is Virtual User: 0
[2019.06.26-01.21.56:856][758]LogModuleManager: Shutting down and abandoning module MagicLeapAR (226)
[2019.06.26-01.21.56:856][758]LogModuleManager: Shutting down and abandoning module AugmentedReality (225)
[2019.06.26-01.21.56:856][758]LogModuleManager: Shutting down and abandoning module GameplayTagsEditor (222)
[2019.06.26-01.21.56:857][758]LogModuleManager: Shutting down and abandoning module FacialAnimation (220)
[2019.06.26-01.21.56:857][758]LogModuleManager: Shutting down and abandoning module DataValidation (218)
[2019.06.26-01.21.56:857][758]LogModuleManager: Shutting down and abandoning module AssetManagerEditor (216)
[2019.06.26-01.21.56:858][758]LogModuleManager: Shutting down and abandoning module TreeMap (215)
[2019.06.26-01.21.56:858][758]LogModuleManager: Shutting down and abandoning module AnimationSharing (212)
[2019.06.26-01.21.56:858][758]LogModuleManager: Shutting down and abandoning module LightPropagationVolumeRuntime (210)
[2019.06.26-01.21.56:858][758]LogModuleManager: Shutting down and abandoning module AISupportModule (208)
[2019.06.26-01.21.56:858][758]LogModuleManager: Shutting down and abandoning module Paper2D (206)
[2019.06.26-01.21.56:858][758]LogModuleManager: Shutting down and abandoning module WindowsMoviePlayer (204)
[2019.06.26-01.21.56:859][758]LogModuleManager: Shutting down and abandoning module WebMMoviePlayer (202)
[2019.06.26-01.21.56:859][758]LogModuleManager: Shutting down and abandoning module PacketHandler (200)
[2019.06.26-01.21.56:859][758]LogModuleManager: Shutting down and abandoning module ClothingSystemEditor (198)
[2019.06.26-01.21.56:859][758]LogModuleManager: Shutting down and abandoning module ClothingSystemRuntime (196)
[2019.06.26-01.21.56:860][758]LogModuleManager: Shutting down and abandoning module MediaAssets (194)
[2019.06.26-01.21.56:860][758]LogModuleManager: Shutting down and abandoning module Overlay (192)
[2019.06.26-01.21.56:860][758]LogModuleManager: Shutting down and abandoning module OverlayEditor (191)
[2019.06.26-01.21.56:860][758]LogModuleManager: Shutting down and abandoning module VREditor (188)
[2019.06.26-01.21.56:860][758]LogModuleManager: Shutting down and abandoning module StringTableEditor (186)
[2019.06.26-01.21.56:861][758]LogModuleManager: Shutting down and abandoning module GameplayTasksEditor (184)
[2019.06.26-01.21.56:861][758]LogModuleManager: Shutting down and abandoning module BehaviorTreeEditor (182)
[2019.06.26-01.21.56:863][758]LogModuleManager: Shutting down and abandoning module FunctionalTesting (180)
[2019.06.26-01.21.56:863][758]LogModuleManager: Shutting down and abandoning module CollisionAnalyzer (178)
[2019.06.26-01.21.56:864][758]LogModuleManager: Shutting down and abandoning module WorkspaceMenuStructure (177)
[2019.06.26-01.21.56:864][758]LogModuleManager: Shutting down and abandoning module UMG (174)
[2019.06.26-01.21.56:865][758]LogModuleManager: Shutting down and abandoning module UMGEditor (173)
[2019.06.26-01.21.56:866][758]LogModuleManager: Shutting down and abandoning module Sequencer (172)
[2019.06.26-01.21.56:868][758]LogModuleManager: Shutting down and abandoning module MessageLog (169)
[2019.06.26-01.21.56:868][758]LogModuleManager: Shutting down and abandoning module SlateReflector (164)
[2019.06.26-01.21.56:870][758]LogModuleManager: Shutting down and abandoning module Slate (162)
[2019.06.26-01.21.56:870][758]LogModuleManager: Shutting down and abandoning module EditorStyle (160)
[2019.06.26-01.21.56:871][758]LogModuleManager: Shutting down and abandoning module UnrealEd (158)
[2019.06.26-01.21.56:871][758]LogModuleManager: Shutting down and abandoning module MRMesh (156)
[2019.06.26-01.21.56:871][758]LogModuleManager: Shutting down and abandoning module Messaging (154)
[2019.06.26-01.21.56:871][758]LogModuleManager: Shutting down and abandoning module SourceCodeAccess (152)
[2019.06.26-01.21.56:871][758]LogModuleManager: Shutting down and abandoning module HeadMountedDisplay (150)
[2019.06.26-01.21.56:871][758]LogModuleManager: Shutting down and abandoning module XAudio2 (148)
[2019.06.26-01.21.56:871][758]LogModuleManager: Shutting down and abandoning module Networking (146)
[2019.06.26-01.21.56:871][758]LogModuleManager: Shutting down and abandoning module Core (144)
[2019.06.26-01.21.56:871][758]LogModuleManager: Shutting down and abandoning module KismetCompiler (142)
[2019.06.26-01.21.56:871][758]LogModuleManager: Shutting down and abandoning module MeshUtilities (140)
[2019.06.26-01.21.56:871][758]LogModuleManager: Shutting down and abandoning module MeshMergeUtilities (139)
[2019.06.26-01.21.56:872][758]LogModuleManager: Shutting down and abandoning module MeshReductionInterface (138)
[2019.06.26-01.21.56:872][758]LogModuleManager: Shutting down and abandoning module SkeletalMeshReduction (137)
[2019.06.26-01.21.56:872][758]LogModuleManager: Shutting down and abandoning module ProxyLODMeshReduction (135)
[2019.06.26-01.21.56:873][758]LogModuleManager: Shutting down and abandoning module QuadricMeshReduction (133)
[2019.06.26-01.21.56:873][758]LogModuleManager: Shutting down and abandoning module MaterialBaking (129)
[2019.06.26-01.21.56:873][758]LogModuleManager: Shutting down and abandoning module PIEPreviewDeviceProfileSelector (124)
[2019.06.26-01.21.56:874][758]LogModuleManager: Shutting down and abandoning module DerivedDataCache (122)
[2019.06.26-01.21.56:926][758]LogDerivedDataCache: Shutdown
[2019.06.26-01.21.56:926][758]LogModuleManager: Shutting down and abandoning module XGEController (120)
[2019.06.26-01.21.56:926][758]LogModuleManager: Shutting down and abandoning module TargetPlatform (118)
[2019.06.26-01.21.56:927][758]LogModuleManager: Shutting down and abandoning module VulkanShaderFormat (117)
[2019.06.26-01.21.56:927][758]LogModuleManager: Shutting down and abandoning module ShaderFormatVectorVM (115)
[2019.06.26-01.21.56:927][758]LogModuleManager: Shutting down and abandoning module ShaderFormatOpenGL (113)
[2019.06.26-01.21.56:928][758]LogModuleManager: Shutting down and abandoning module ShaderFormatD3D (111)
[2019.06.26-01.21.56:928][758]LogModuleManager: Shutting down and abandoning module MetalShaderFormat (109)
[2019.06.26-01.21.56:928][758]LogModuleManager: Shutting down and abandoning module TextureFormatUncompressed (107)
[2019.06.26-01.21.56:928][758]LogModuleManager: Shutting down and abandoning module TextureFormatPVR (105)
[2019.06.26-01.21.56:928][758]LogModuleManager: Shutting down and abandoning module TextureFormatDXT (103)
[2019.06.26-01.21.56:928][758]LogModuleManager: Shutting down and abandoning module TextureFormatIntelISPCTexComp (101)
[2019.06.26-01.21.56:929][758]LogModuleManager: Shutting down and abandoning module TextureFormatASTC (99)
[2019.06.26-01.21.56:929][758]LogModuleManager: Shutting down and abandoning module ImageWrapper (98)
[2019.06.26-01.21.56:929][758]LogModuleManager: Shutting down and abandoning module TextureFormatAndroid (95)
[2019.06.26-01.21.56:929][758]LogModuleManager: Shutting down and abandoning module AudioFormatOpus (93)
[2019.06.26-01.21.56:929][758]LogModuleManager: Shutting down and abandoning module AudioFormatOgg (91)
[2019.06.26-01.21.56:929][758]LogModuleManager: Shutting down and abandoning module AudioFormatADPCM (89)
[2019.06.26-01.21.56:929][758]LogModuleManager: Shutting down and abandoning module WindowsTargetPlatform (87)
[2019.06.26-01.21.56:929][758]LogModuleManager: Shutting down and abandoning module WindowsServerTargetPlatform (85)
[2019.06.26-01.21.56:929][758]LogModuleManager: Shutting down and abandoning module WindowsNoEditorTargetPlatform (83)
[2019.06.26-01.21.56:929][758]LogModuleManager: Shutting down and abandoning module WindowsClientTargetPlatform (81)
[2019.06.26-01.21.56:929][758]LogModuleManager: Shutting down and abandoning module InputCore (78)
[2019.06.26-01.21.56:929][758]LogModuleManager: Shutting down and abandoning module Settings (76)
[2019.06.26-01.21.56:930][758]LogModuleManager: Shutting down and abandoning module PhysXCooking (74)
[2019.06.26-01.21.56:930][758]LogModuleManager: Shutting down and abandoning module SteamVR (72)
[2019.06.26-01.21.56:930][758]LogHMD: Freeing OpenVRDLLHandle.
[2019.06.26-01.21.56:930][758]LogModuleManager: Shutting down and abandoning module OculusHMD (70)
[2019.06.26-01.21.56:930][758]LogModuleManager: Shutting down and abandoning module ExampleDeviceProfileSelector (68)
[2019.06.26-01.21.56:930][758]LogModuleManager: Shutting down and abandoning module LauncherChunkInstaller (66)
[2019.06.26-01.21.56:930][758]LogModuleManager: Shutting down and abandoning module OnlineBlueprintSupport (64)
[2019.06.26-01.21.56:930][758]LogModuleManager: Shutting down and abandoning module OnlineSubsystem (60)
[2019.06.26-01.21.56:931][758]LogModuleManager: Shutting down and abandoning module XMPP (55)
[2019.06.26-01.21.56:932][758]LogModuleManager: Shutting down and abandoning module WebSockets (54)
[2019.06.26-01.21.56:942][758]LogModuleManager: Shutting down and abandoning module HTTP (51)
[2019.06.26-01.21.56:947][758]LogModuleManager: Shutting down and abandoning module SSL (50)
[2019.06.26-01.21.56:948][758]LogModuleManager: Shutting down and abandoning module WmfMedia (46)
[2019.06.26-01.21.56:949][758]LogModuleManager: Shutting down and abandoning module Media (45)
[2019.06.26-01.21.56:955][758]LogModuleManager: Shutting down and abandoning module MagicLeap (42)
[2019.06.26-01.21.56:955][758]LogModuleManager: Shutting down and abandoning module DatasmithContent (40)
[2019.06.26-01.21.56:955][758]LogModuleManager: Shutting down and abandoning module AnimationModifiers (38)
[2019.06.26-01.21.56:956][758]LogModuleManager: Shutting down and abandoning module PropertyEditor (37)
[2019.06.26-01.21.56:957][758]LogModuleManager: Shutting down and abandoning module AudioEditor (34)
[2019.06.26-01.21.56:958][758]LogModuleManager: Shutting down and abandoning module TextureCompressor (32)
[2019.06.26-01.21.56:958][758]LogModuleManager: Shutting down and abandoning module RenderCore (30)
[2019.06.26-01.21.56:958][758]LogModuleManager: Shutting down and abandoning module Landscape (28)
[2019.06.26-01.21.56:958][758]LogModuleManager: Shutting down and abandoning module SlateRHIRenderer (26)
[2019.06.26-01.21.56:959][758]LogModuleManager: Shutting down and abandoning module OpenGLDrv (24)
[2019.06.26-01.21.56:959][758]LogModuleManager: Shutting down and abandoning module D3D11RHI (22)
[2019.06.26-01.21.56:959][758]LogModuleManager: Shutting down and abandoning module AnimGraphRuntime (20)
[2019.06.26-01.21.56:960][758]LogModuleManager: Shutting down and abandoning module Renderer (18)
[2019.06.26-01.21.56:960][758]LogModuleManager: Shutting down and abandoning module Engine (16)
[2019.06.26-01.21.56:960][758]LogModuleManager: Shutting down and abandoning module CoreUObject (14)
[2019.06.26-01.21.56:960][758]LogModuleManager: Shutting down and abandoning module NetworkFile (12)
[2019.06.26-01.21.56:960][758]LogModuleManager: Shutting down and abandoning module CookedIterativeFile (10)
[2019.06.26-01.21.56:960][758]LogModuleManager: Shutting down and abandoning module StreamingFile (8)
[2019.06.26-01.21.56:960][758]LogModuleManager: Shutting down and abandoning module SandboxFile (6)
[2019.06.26-01.21.56:960][758]LogModuleManager: Shutting down and abandoning module PakFile (4)
[2019.06.26-01.21.56:960][758]LogModuleManager: Shutting down and abandoning module RSA (3)
[2019.06.26-01.21.56:966][758]LogExit: Exiting.
[2019.06.26-01.21.57:003][758]Log file closed, 06/25/19 21:21:57
